[2025-10-14T06:18:50.499+0000] {taskinstance.py:1956} INFO - Dependencies all met for dep_context=non-requeueable deps ti=<TaskInstance: events_analytics_pipeline.dbt_test manual__2025-10-14T06:03:33.121239+00:00 [queued]>
[2025-10-14T06:18:50.502+0000] {taskinstance.py:1956} INFO - Dependencies all met for dep_context=requeueable deps ti=<TaskInstance: events_analytics_pipeline.dbt_test manual__2025-10-14T06:03:33.121239+00:00 [queued]>
[2025-10-14T06:18:50.502+0000] {taskinstance.py:2170} INFO - Starting attempt 3 of 3
[2025-10-14T06:18:50.506+0000] {taskinstance.py:2191} INFO - Executing <Task(BashOperator): dbt_test> on 2025-10-14 06:03:33.121239+00:00
[2025-10-14T06:18:50.509+0000] {standard_task_runner.py:60} INFO - Started process 807 to run task
[2025-10-14T06:18:50.512+0000] {standard_task_runner.py:87} INFO - Running: ['***', 'tasks', 'run', 'events_analytics_pipeline', 'dbt_test', 'manual__2025-10-14T06:03:33.121239+00:00', '--job-id', '76', '--raw', '--subdir', 'DAGS_FOLDER/events_pipeline_dag.py', '--cfg-path', '/tmp/tmp7maq37x3']
[2025-10-14T06:18:50.516+0000] {standard_task_runner.py:88} INFO - Job 76: Subtask dbt_test
[2025-10-14T06:18:50.542+0000] {task_command.py:423} INFO - Running <TaskInstance: events_analytics_pipeline.dbt_test manual__2025-10-14T06:03:33.121239+00:00 [running]> on host 7fd364930f15
[2025-10-14T06:18:50.569+0000] {taskinstance.py:2480} INFO - Exporting env vars: AIRFLOW_CTX_DAG_OWNER='data-team' AIRFLOW_CTX_DAG_ID='events_analytics_pipeline' AIRFLOW_CTX_TASK_ID='dbt_test' AIRFLOW_CTX_EXECUTION_DATE='2025-10-14T06:03:33.121239+00:00' AIRFLOW_CTX_TRY_NUMBER='3' AIRFLOW_CTX_DAG_RUN_ID='manual__2025-10-14T06:03:33.121239+00:00'
[2025-10-14T06:18:50.570+0000] {subprocess.py:63} INFO - Tmp dir root location: /tmp
[2025-10-14T06:18:50.570+0000] {subprocess.py:75} INFO - Running command: ['/usr/bin/bash', '-c', 'cd /opt/***/event_gen && /home/***/.local/bin/dbt test --profiles-dir /opt/***/.dbt --project-dir /opt/***/event_gen']
[2025-10-14T06:18:50.575+0000] {subprocess.py:86} INFO - Output:
[2025-10-14T06:18:51.184+0000] {subprocess.py:93} INFO - [0m06:18:51  Running with dbt=1.10.13
[2025-10-14T06:18:51.273+0000] {subprocess.py:93} INFO - [0m06:18:51  Registered adapter: clickhouse=1.9.4
[2025-10-14T06:18:51.467+0000] {subprocess.py:93} INFO - [0m06:18:51  Found 4 models, 31 data tests, 1 source, 599 macros
[2025-10-14T06:18:51.491+0000] {subprocess.py:93} INFO - [0m06:18:51
[2025-10-14T06:18:51.492+0000] {subprocess.py:93} INFO - [0m06:18:51  Concurrency: 4 threads (target='dev')
[2025-10-14T06:18:51.492+0000] {subprocess.py:93} INFO - [0m06:18:51
[2025-10-14T06:18:51.575+0000] {subprocess.py:93} INFO - [0m06:18:51  1 of 31 START test accepted_values_fct_events_event_type__False__page_view__click__scroll__form_submit__button_click  [RUN]
[2025-10-14T06:18:51.575+0000] {subprocess.py:93} INFO - [0m06:18:51  2 of 31 START test dbt_utils_expression_is_true_dim_pages_total_events___0 ..... [RUN]
[2025-10-14T06:18:51.576+0000] {subprocess.py:93} INFO - [0m06:18:51  3 of 31 START test dbt_utils_expression_is_true_dim_pages_unique_visitors___1 .. [RUN]
[2025-10-14T06:18:51.576+0000] {subprocess.py:93} INFO - [0m06:18:51  4 of 31 START test dbt_utils_expression_is_true_dim_users_days_active___1 ...... [RUN]
[2025-10-14T06:18:51.614+0000] {subprocess.py:93} INFO - [0m06:18:51  1 of 31 ERROR accepted_values_fct_events_event_type__False__page_view__click__scroll__form_submit__button_click  [[31mERROR[0m in 0.04s]
[2025-10-14T06:18:51.616+0000] {subprocess.py:93} INFO - [0m06:18:51  5 of 31 START test dbt_utils_expression_is_true_dim_users_total_events___0 ..... [RUN]
[2025-10-14T06:18:51.629+0000] {subprocess.py:93} INFO - [0m06:18:51  5 of 31 PASS dbt_utils_expression_is_true_dim_users_total_events___0 ........... [[32mPASS[0m in 0.01s]
[2025-10-14T06:18:51.632+0000] {subprocess.py:93} INFO - [0m06:18:51  6 of 31 START test not_null_dim_pages_domain ................................... [RUN]
[2025-10-14T06:18:51.638+0000] {subprocess.py:93} INFO - [0m06:18:51  4 of 31 PASS dbt_utils_expression_is_true_dim_users_days_active___1 ............ [[32mPASS[0m in 0.06s]
[2025-10-14T06:18:51.639+0000] {subprocess.py:93} INFO - [0m06:18:51  2 of 31 PASS dbt_utils_expression_is_true_dim_pages_total_events___0 ........... [[32mPASS[0m in 0.06s]
[2025-10-14T06:18:51.640+0000] {subprocess.py:93} INFO - [0m06:18:51  3 of 31 PASS dbt_utils_expression_is_true_dim_pages_unique_visitors___1 ........ [[32mPASS[0m in 0.06s]
[2025-10-14T06:18:51.643+0000] {subprocess.py:93} INFO - [0m06:18:51  7 of 31 START test not_null_dim_pages_page_key ................................. [RUN]
[2025-10-14T06:18:51.644+0000] {subprocess.py:93} INFO - [0m06:18:51  8 of 31 START test not_null_dim_pages_page_url ................................. [RUN]
[2025-10-14T06:18:51.644+0000] {subprocess.py:93} INFO - [0m06:18:51  9 of 31 START test not_null_dim_pages_total_events ............................. [RUN]
[2025-10-14T06:18:51.652+0000] {subprocess.py:93} INFO - [0m06:18:51  6 of 31 PASS not_null_dim_pages_domain ......................................... [[32mPASS[0m in 0.02s]
[2025-10-14T06:18:51.658+0000] {subprocess.py:93} INFO - [0m06:18:51  10 of 31 START test not_null_dim_pages_unique_visitors ......................... [RUN]
[2025-10-14T06:18:51.663+0000] {subprocess.py:93} INFO - [0m06:18:51  7 of 31 PASS not_null_dim_pages_page_key ....................................... [[32mPASS[0m in 0.02s]
[2025-10-14T06:18:51.664+0000] {subprocess.py:93} INFO - [0m06:18:51  8 of 31 PASS not_null_dim_pages_page_url ....................................... [[32mPASS[0m in 0.02s]
[2025-10-14T06:18:51.665+0000] {subprocess.py:93} INFO - [0m06:18:51  9 of 31 PASS not_null_dim_pages_total_events ................................... [[32mPASS[0m in 0.02s]
[2025-10-14T06:18:51.668+0000] {subprocess.py:93} INFO - [0m06:18:51  11 of 31 START test not_null_dim_users_days_active ............................. [RUN]
[2025-10-14T06:18:51.669+0000] {subprocess.py:93} INFO - [0m06:18:51  12 of 31 START test not_null_dim_users_first_event_at .......................... [RUN]
[2025-10-14T06:18:51.670+0000] {subprocess.py:93} INFO - [0m06:18:51  13 of 31 START test not_null_dim_users_total_events ............................ [RUN]
[2025-10-14T06:18:51.678+0000] {subprocess.py:93} INFO - [0m06:18:51  10 of 31 PASS not_null_dim_pages_unique_visitors ............................... [[32mPASS[0m in 0.02s]
[2025-10-14T06:18:51.684+0000] {subprocess.py:93} INFO - [0m06:18:51  14 of 31 START test not_null_dim_users_user_id ................................. [RUN]
[2025-10-14T06:18:51.690+0000] {subprocess.py:93} INFO - [0m06:18:51  13 of 31 PASS not_null_dim_users_total_events .................................. [[32mPASS[0m in 0.02s]
[2025-10-14T06:18:51.691+0000] {subprocess.py:93} INFO - [0m06:18:51  12 of 31 PASS not_null_dim_users_first_event_at ................................ [[32mPASS[0m in 0.02s]
[2025-10-14T06:18:51.691+0000] {subprocess.py:93} INFO - [0m06:18:51  11 of 31 PASS not_null_dim_users_days_active ................................... [[32mPASS[0m in 0.02s]
[2025-10-14T06:18:51.695+0000] {subprocess.py:93} INFO - [0m06:18:51  15 of 31 START test not_null_dim_users_user_key ................................ [RUN]
[2025-10-14T06:18:51.695+0000] {subprocess.py:93} INFO - [0m06:18:51  16 of 31 START test not_null_dim_users_username ................................ [RUN]
[2025-10-14T06:18:51.695+0000] {subprocess.py:93} INFO - [0m06:18:51  17 of 31 START test not_null_fct_events_event_date ............................. [RUN]
[2025-10-14T06:18:51.703+0000] {subprocess.py:93} INFO - [0m06:18:51  14 of 31 PASS not_null_dim_users_user_id ....................................... [[32mPASS[0m in 0.02s]
[2025-10-14T06:18:51.708+0000] {subprocess.py:93} INFO - [0m06:18:51  18 of 31 START test not_null_fct_events_event_key .............................. [RUN]
[2025-10-14T06:18:51.714+0000] {subprocess.py:93} INFO - [0m06:18:51  16 of 31 PASS not_null_dim_users_username ...................................... [[32mPASS[0m in 0.02s]
[2025-10-14T06:18:51.715+0000] {subprocess.py:93} INFO - [0m06:18:51  15 of 31 PASS not_null_dim_users_user_key ...................................... [[32mPASS[0m in 0.02s]
[2025-10-14T06:18:51.716+0000] {subprocess.py:93} INFO - [0m06:18:51  17 of 31 PASS not_null_fct_events_event_date ................................... [[32mPASS[0m in 0.02s]
[2025-10-14T06:18:51.719+0000] {subprocess.py:93} INFO - [0m06:18:51  19 of 31 START test not_null_fct_events_event_timestamp ........................ [RUN]
[2025-10-14T06:18:51.720+0000] {subprocess.py:93} INFO - [0m06:18:51  20 of 31 START test not_null_fct_events_event_type ............................. [RUN]
[2025-10-14T06:18:51.720+0000] {subprocess.py:93} INFO - [0m06:18:51  21 of 31 START test not_null_fct_events_page_key ............................... [RUN]
[2025-10-14T06:18:51.726+0000] {subprocess.py:93} INFO - [0m06:18:51  18 of 31 PASS not_null_fct_events_event_key .................................... [[32mPASS[0m in 0.02s]
[2025-10-14T06:18:51.732+0000] {subprocess.py:93} INFO - [0m06:18:51  22 of 31 START test not_null_fct_events_user_id ................................ [RUN]
[2025-10-14T06:18:51.739+0000] {subprocess.py:93} INFO - [0m06:18:51  19 of 31 PASS not_null_fct_events_event_timestamp .............................. [[32mPASS[0m in 0.02s]
[2025-10-14T06:18:51.741+0000] {subprocess.py:93} INFO - [0m06:18:51  20 of 31 PASS not_null_fct_events_event_type ................................... [[32mPASS[0m in 0.02s]
[2025-10-14T06:18:51.744+0000] {subprocess.py:93} INFO - [0m06:18:51  21 of 31 ERROR not_null_fct_events_page_key .................................... [[31mERROR[0m in 0.02s]
[2025-10-14T06:18:51.744+0000] {subprocess.py:93} INFO - [0m06:18:51  23 of 31 START test not_null_fct_events_user_key ............................... [RUN]
[2025-10-14T06:18:51.746+0000] {subprocess.py:93} INFO - [0m06:18:51  24 of 31 START test relationships_fct_events_page_key__page_key__ref_dim_pages_  [RUN]
[2025-10-14T06:18:51.749+0000] {subprocess.py:93} INFO - [0m06:18:51  22 of 31 PASS not_null_fct_events_user_id ...................................... [[32mPASS[0m in 0.02s]
[2025-10-14T06:18:51.750+0000] {subprocess.py:93} INFO - [0m06:18:51  25 of 31 START test relationships_fct_events_user_key__user_key__ref_dim_users_  [RUN]
[2025-10-14T06:18:51.757+0000] {subprocess.py:93} INFO - [0m06:18:51  26 of 31 START test timestamp_not_future ....................................... [RUN]
[2025-10-14T06:18:51.772+0000] {subprocess.py:93} INFO - [0m06:18:51  23 of 31 ERROR not_null_fct_events_user_key .................................... [[31mERROR[0m in 0.03s]
[2025-10-14T06:18:51.773+0000] {subprocess.py:93} INFO - [0m06:18:51  24 of 31 ERROR relationships_fct_events_page_key__page_key__ref_dim_pages_ ..... [[31mERROR[0m in 0.02s]
[2025-10-14T06:18:51.777+0000] {subprocess.py:93} INFO - [0m06:18:51  27 of 31 START test unique_dim_pages_page_key .................................. [RUN]
[2025-10-14T06:18:51.778+0000] {subprocess.py:93} INFO - [0m06:18:51  28 of 31 START test unique_dim_pages_page_url .................................. [RUN]
[2025-10-14T06:18:51.779+0000] {subprocess.py:93} INFO - [0m06:18:51  25 of 31 ERROR relationships_fct_events_user_key__user_key__ref_dim_users_ ..... [[31mERROR[0m in 0.03s]
[2025-10-14T06:18:51.780+0000] {subprocess.py:93} INFO - [0m06:18:51  26 of 31 ERROR timestamp_not_future ............................................ [[31mERROR[0m in 0.02s]
[2025-10-14T06:18:51.786+0000] {subprocess.py:93} INFO - [0m06:18:51  29 of 31 START test unique_dim_users_user_id ................................... [RUN]
[2025-10-14T06:18:51.788+0000] {subprocess.py:93} INFO - [0m06:18:51  30 of 31 START test unique_dim_users_user_key .................................. [RUN]
[2025-10-14T06:18:51.802+0000] {subprocess.py:93} INFO - [0m06:18:51  28 of 31 PASS unique_dim_pages_page_url ........................................ [[32mPASS[0m in 0.02s]
[2025-10-14T06:18:51.803+0000] {subprocess.py:93} INFO - [0m06:18:51  27 of 31 PASS unique_dim_pages_page_key ........................................ [[32mPASS[0m in 0.02s]
[2025-10-14T06:18:51.805+0000] {subprocess.py:93} INFO - [0m06:18:51  31 of 31 START test unique_fct_events_event_key ................................ [RUN]
[2025-10-14T06:18:51.810+0000] {subprocess.py:93} INFO - [0m06:18:51  29 of 31 PASS unique_dim_users_user_id ......................................... [[32mPASS[0m in 0.02s]
[2025-10-14T06:18:51.811+0000] {subprocess.py:93} INFO - [0m06:18:51  30 of 31 PASS unique_dim_users_user_key ........................................ [[32mPASS[0m in 0.02s]
[2025-10-14T06:18:51.820+0000] {subprocess.py:93} INFO - [0m06:18:51  31 of 31 PASS unique_fct_events_event_key ...................................... [[32mPASS[0m in 0.01s]
[2025-10-14T06:18:51.823+0000] {subprocess.py:93} INFO - [0m06:18:51
[2025-10-14T06:18:51.823+0000] {subprocess.py:93} INFO - [0m06:18:51  Finished running 31 data tests in 0 hours 0 minutes and 0.33 seconds (0.33s).
[2025-10-14T06:18:51.852+0000] {subprocess.py:93} INFO - [0m06:18:51
[2025-10-14T06:18:51.852+0000] {subprocess.py:93} INFO - [0m06:18:51  [31mCompleted with 6 errors, 0 partial successes, and 0 warnings:[0m
[2025-10-14T06:18:51.852+0000] {subprocess.py:93} INFO - [0m06:18:51
[2025-10-14T06:18:51.853+0000] {subprocess.py:93} INFO - [0m06:18:51  [31mFailure in test accepted_values_fct_events_event_type__False__page_view__click__scroll__form_submit__button_click (models/marts/core/core.yml)[0m
[2025-10-14T06:18:51.853+0000] {subprocess.py:93} INFO - [0m06:18:51    Database Error in test accepted_values_fct_events_event_type__False__page_view__click__scroll__form_submit__button_click (models/marts/core/core.yml)
[2025-10-14T06:18:51.853+0000] {subprocess.py:93} INFO -   Code: 47.
[2025-10-14T06:18:51.853+0000] {subprocess.py:93} INFO -   DB::Exception: Unknown expression or function identifier `page_view` in scope WITH all_values AS (SELECT event_type AS value_field, count(*) AS n_records FROM analytics.fct_events GROUP BY event_type) SELECT * FROM all_values WHERE value_field NOT IN (page_view, click, scroll, form_submit, button_click). Stack trace:
[2025-10-14T06:18:51.853+0000] {subprocess.py:93} INFO - 
[2025-10-14T06:18:51.853+0000] {subprocess.py:93} INFO -   0. DB::Exception::Exception(DB::Exception::MessageMasked&&, int, bool) @ 0x0000000011000530
[2025-10-14T06:18:51.853+0000] {subprocess.py:93} INFO -   1. DB::Exception::Exception(String&&, int, String, bool) @ 0x000000000b968d98
[2025-10-14T06:18:51.853+0000] {subprocess.py:93} INFO -   2. DB::Exception::Exception(PreformattedMessage&&, int) @ 0x000000000b968868
[2025-10-14T06:18:51.853+0000] {subprocess.py:93} INFO -   3. DB::Exception::Exception<char const*, String&, String, String, String>(int, FormatStringHelperImpl<std::type_identity<char const*>::type, std::type_identity<String&>::type, std::type_identity<String>::type, std::type_identity<String>::type, std::type_identity<String>::type>, char const*&&, String&, String&&, String&&, String&&) @ 0x0000000014a5b1f4
[2025-10-14T06:18:51.854+0000] {subprocess.py:93} INFO -   4. DB::QueryAnalyzer::resolveExpressionNode(std::shared_ptr<DB::IQueryTreeNode>&, DB::IdentifierResolveScope&, bool, bool, bool) @ 0x0000000014a41b34
[2025-10-14T06:18:51.854+0000] {subprocess.py:93} INFO -   5. DB::QueryAnalyzer::resolveExpressionNodeList(std::shared_ptr<DB::IQueryTreeNode>&, DB::IdentifierResolveScope&, bool, bool) @ 0x0000000014a3f65c
[2025-10-14T06:18:51.854+0000] {subprocess.py:93} INFO -   6. DB::QueryAnalyzer::resolveFunction(std::shared_ptr<DB::IQueryTreeNode>&, DB::IdentifierResolveScope&) @ 0x0000000014c667dc
[2025-10-14T06:18:51.854+0000] {subprocess.py:93} INFO -   7. DB::QueryAnalyzer::resolveExpressionNode(std::shared_ptr<DB::IQueryTreeNode>&, DB::IdentifierResolveScope&, bool, bool, bool) @ 0x0000000014a3ffe8
[2025-10-14T06:18:51.854+0000] {subprocess.py:93} INFO -   8. DB::QueryAnalyzer::resolveExpressionNodeList(std::shared_ptr<DB::IQueryTreeNode>&, DB::IdentifierResolveScope&, bool, bool) @ 0x0000000014a3f65c
[2025-10-14T06:18:51.854+0000] {subprocess.py:93} INFO -   9. DB::QueryAnalyzer::resolveFunction(std::shared_ptr<DB::IQueryTreeNode>&, DB::IdentifierResolveScope&) @ 0x0000000014c667dc
[2025-10-14T06:18:51.854+0000] {subprocess.py:93} INFO -   10. DB::QueryAnalyzer::resolveExpressionNode(std::shared_ptr<DB::IQueryTreeNode>&, DB::IdentifierResolveScope&, bool, bool, bool) @ 0x0000000014a3ffe8
[2025-10-14T06:18:51.854+0000] {subprocess.py:93} INFO -   11. DB::QueryAnalyzer::resolveQuery(std::shared_ptr<DB::IQueryTreeNode> const&, DB::IdentifierResolveScope&) @ 0x0000000014a38650
[2025-10-14T06:18:51.854+0000] {subprocess.py:93} INFO -   12. DB::QueryAnalyzer::resolveExpressionNode(std::shared_ptr<DB::IQueryTreeNode>&, DB::IdentifierResolveScope&, bool, bool, bool) @ 0x0000000014a3ff4c
[2025-10-14T06:18:51.854+0000] {subprocess.py:93} INFO -   13. DB::QueryAnalyzer::resolveQueryJoinTreeNode(std::shared_ptr<DB::IQueryTreeNode>&, DB::IdentifierResolveScope&, DB::QueryExpressionsAliasVisitor&) @ 0x0000000014a5cc5c
[2025-10-14T06:18:51.854+0000] {subprocess.py:93} INFO -   14. DB::QueryAnalyzer::resolveQuery(std::shared_ptr<DB::IQueryTreeNode> const&, DB::IdentifierResolveScope&) @ 0x0000000014a38474
[2025-10-14T06:18:51.854+0000] {subprocess.py:93} INFO -   15. DB::QueryAnalyzer::resolve(std::shared_ptr<DB::IQueryTreeNode>&, std::shared_ptr<DB::IQueryTreeNode> const&, std::shared_ptr<DB::Context const>) @ 0x0000000014a36574
[2025-10-14T06:18:51.854+0000] {subprocess.py:93} INFO -   16. DB::QueryAnalysisPass::run(std::shared_ptr<DB::IQueryTreeNode>&, std::shared_ptr<DB::Context const>) @ 0x0000000014a35bb0
[2025-10-14T06:18:51.854+0000] {subprocess.py:93} INFO -   17. DB::QueryTreePassManager::run(std::shared_ptr<DB::IQueryTreeNode>) @ 0x0000000014a79a7c
[2025-10-14T06:18:51.854+0000] {subprocess.py:93} INFO -   18. DB::buildQueryTreeAndRunPasses(std::shared_ptr<DB::IAST> const&, DB::SelectQueryOptions const&, std::shared_ptr<DB::Context const> const&, std::shared_ptr<DB::IStorage> const&) (.llvm.16636960449439460895) @ 0x00000000153c0f84
[2025-10-14T06:18:51.854+0000] {subprocess.py:93} INFO -   19. DB::InterpreterSelectQueryAnalyzer::InterpreterSelectQueryAnalyzer(std::shared_ptr<DB::IAST> const&, std::shared_ptr<DB::Context const> const&, DB::SelectQueryOptions const&, std::vector<String, std::allocator<String>> const&) @ 0x00000000153bf164
[2025-10-14T06:18:51.855+0000] {subprocess.py:93} INFO -   20. std::unique_ptr<DB::IInterpreter, std::default_delete<DB::IInterpreter>> std::__function::__policy_invoker<std::unique_ptr<DB::IInterpreter, std::default_delete<DB::IInterpreter>> (DB::InterpreterFactory::Arguments const&)>::__call_impl[abi:ne190107]<std::__function::__default_alloc_func<DB::registerInterpreterSelectQueryAnalyzer(DB::InterpreterFactory&)::$_0, std::unique_ptr<DB::IInterpreter, std::default_delete<DB::IInterpreter>> (DB::InterpreterFactory::Arguments const&)>>(std::__function::__policy_storage const*, DB::InterpreterFactory::Arguments const&) (.llvm.16636960449439460895) @ 0x00000000153c2424
[2025-10-14T06:18:51.855+0000] {subprocess.py:93} INFO -   21. DB::InterpreterFactory::get(std::shared_ptr<DB::IAST>&, std::shared_ptr<DB::Context>, DB::SelectQueryOptions const&) @ 0x000000001534e9dc
[2025-10-14T06:18:51.855+0000] {subprocess.py:93} INFO -   22. DB::executeQueryImpl(char const*, char const*, std::shared_ptr<DB::Context>, DB::QueryFlags, DB::QueryProcessingStage::Enum, std::unique_ptr<DB::ReadBuffer, std::default_delete<DB::ReadBuffer>>&, std::shared_ptr<DB::IAST>&, std::shared_ptr<DB::ImplicitTransactionControlExecutor>) @ 0x00000000156eca14
[2025-10-14T06:18:51.855+0000] {subprocess.py:93} INFO -   23. DB::executeQuery(String const&, std::shared_ptr<DB::Context>, DB::QueryFlags, DB::QueryProcessingStage::Enum) @ 0x00000000156e83e8
[2025-10-14T06:18:51.855+0000] {subprocess.py:93} INFO -   24. DB::TCPHandler::runImpl() @ 0x0000000016aa2e48
[2025-10-14T06:18:51.855+0000] {subprocess.py:93} INFO -   25. DB::TCPHandler::run() @ 0x0000000016abf468
[2025-10-14T06:18:51.855+0000] {subprocess.py:93} INFO -   26. Poco::Net::TCPServerConnection::start() @ 0x000000001b271198
[2025-10-14T06:18:51.855+0000] {subprocess.py:93} INFO -   27. Poco::Net::TCPServerDispatcher::run() @ 0x000000001b271734
[2025-10-14T06:18:51.855+0000] {subprocess.py:93} INFO -   28. Poco::PooledThread::run() @ 0x000000001b2376dc
[2025-10-14T06:18:51.855+0000] {subprocess.py:93} INFO -   29. Poco::ThreadImpl::runnableEntry(void*) @ 0x000000001b235a50
[2025-10-14T06:18:51.855+0000] {subprocess.py:93} INFO -   30. ? @ 0x0000000000080398
[2025-10-14T06:18:51.855+0000] {subprocess.py:93} INFO -   31. ? @ 0x00000000000e9e9c
[2025-10-14T06:18:51.855+0000] {subprocess.py:93} INFO -   compiled code at target/run/event_gen/models/marts/core/core.yml/accepted_values_fct_events_7e04c52357d215bb7ddbfcda7a08c22a.sql
[2025-10-14T06:18:51.855+0000] {subprocess.py:93} INFO - [0m06:18:51
[2025-10-14T06:18:51.855+0000] {subprocess.py:93} INFO - [0m06:18:51    compiled code at target/compiled/event_gen/models/marts/core/core.yml/accepted_values_fct_events_7e04c52357d215bb7ddbfcda7a08c22a.sql
[2025-10-14T06:18:51.855+0000] {subprocess.py:93} INFO - [0m06:18:51
[2025-10-14T06:18:51.855+0000] {subprocess.py:93} INFO - [0m06:18:51  [31mFailure in test not_null_fct_events_page_key (models/marts/core/core.yml)[0m
[2025-10-14T06:18:51.856+0000] {subprocess.py:93} INFO - [0m06:18:51    Database Error in test not_null_fct_events_page_key (models/marts/core/core.yml)
[2025-10-14T06:18:51.856+0000] {subprocess.py:93} INFO -   Code: 47.
[2025-10-14T06:18:51.856+0000] {subprocess.py:93} INFO -   DB::Exception: Unknown expression identifier `page_key` in scope SELECT page_key FROM analytics.fct_events WHERE page_key IS NULL. Maybe you meant: ['page_url']. Stack trace:
[2025-10-14T06:18:51.856+0000] {subprocess.py:93} INFO - 
[2025-10-14T06:18:51.856+0000] {subprocess.py:93} INFO -   0. DB::Exception::Exception(DB::Exception::MessageMasked&&, int, bool) @ 0x0000000011000530
[2025-10-14T06:18:51.856+0000] {subprocess.py:93} INFO -   1. DB::Exception::Exception(String&&, int, String, bool) @ 0x000000000b968d98
[2025-10-14T06:18:51.856+0000] {subprocess.py:93} INFO -   2. DB::Exception::Exception(PreformattedMessage&&, int) @ 0x000000000b968868
[2025-10-14T06:18:51.856+0000] {subprocess.py:93} INFO -   3. DB::Exception::Exception<char const*, String&, String, String, String>(int, FormatStringHelperImpl<std::type_identity<char const*>::type, std::type_identity<String&>::type, std::type_identity<String>::type, std::type_identity<String>::type, std::type_identity<String>::type>, char const*&&, String&, String&&, String&&, String&&) @ 0x0000000014a5b1f4
[2025-10-14T06:18:51.856+0000] {subprocess.py:93} INFO -   4. DB::QueryAnalyzer::resolveExpressionNode(std::shared_ptr<DB::IQueryTreeNode>&, DB::IdentifierResolveScope&, bool, bool, bool) @ 0x0000000014a41b34
[2025-10-14T06:18:51.856+0000] {subprocess.py:93} INFO -   5. DB::QueryAnalyzer::resolveExpressionNodeList(std::shared_ptr<DB::IQueryTreeNode>&, DB::IdentifierResolveScope&, bool, bool) @ 0x0000000014a3f65c
[2025-10-14T06:18:51.856+0000] {subprocess.py:93} INFO -   6. DB::QueryAnalyzer::resolveProjectionExpressionNodeList(std::shared_ptr<DB::IQueryTreeNode>&, DB::IdentifierResolveScope&) @ 0x0000000014a5be84
[2025-10-14T06:18:51.856+0000] {subprocess.py:93} INFO -   7. DB::QueryAnalyzer::resolveQuery(std::shared_ptr<DB::IQueryTreeNode> const&, DB::IdentifierResolveScope&) @ 0x0000000014a384a8
[2025-10-14T06:18:51.856+0000] {subprocess.py:93} INFO -   8. DB::QueryAnalyzer::resolveExpressionNode(std::shared_ptr<DB::IQueryTreeNode>&, DB::IdentifierResolveScope&, bool, bool, bool) @ 0x0000000014a3ff4c
[2025-10-14T06:18:51.856+0000] {subprocess.py:93} INFO -   9. DB::QueryAnalyzer::resolveQueryJoinTreeNode(std::shared_ptr<DB::IQueryTreeNode>&, DB::IdentifierResolveScope&, DB::QueryExpressionsAliasVisitor&) @ 0x0000000014a5cc5c
[2025-10-14T06:18:51.856+0000] {subprocess.py:93} INFO -   10. DB::QueryAnalyzer::resolveQuery(std::shared_ptr<DB::IQueryTreeNode> const&, DB::IdentifierResolveScope&) @ 0x0000000014a38474
[2025-10-14T06:18:51.856+0000] {subprocess.py:93} INFO -   11. DB::QueryAnalyzer::resolve(std::shared_ptr<DB::IQueryTreeNode>&, std::shared_ptr<DB::IQueryTreeNode> const&, std::shared_ptr<DB::Context const>) @ 0x0000000014a36574
[2025-10-14T06:18:51.856+0000] {subprocess.py:93} INFO -   12. DB::QueryAnalysisPass::run(std::shared_ptr<DB::IQueryTreeNode>&, std::shared_ptr<DB::Context const>) @ 0x0000000014a35bb0
[2025-10-14T06:18:51.856+0000] {subprocess.py:93} INFO -   13. DB::QueryTreePassManager::run(std::shared_ptr<DB::IQueryTreeNode>) @ 0x0000000014a79a7c
[2025-10-14T06:18:51.856+0000] {subprocess.py:93} INFO -   14. DB::buildQueryTreeAndRunPasses(std::shared_ptr<DB::IAST> const&, DB::SelectQueryOptions const&, std::shared_ptr<DB::Context const> const&, std::shared_ptr<DB::IStorage> const&) (.llvm.16636960449439460895) @ 0x00000000153c0f84
[2025-10-14T06:18:51.856+0000] {subprocess.py:93} INFO -   15. DB::InterpreterSelectQueryAnalyzer::InterpreterSelectQueryAnalyzer(std::shared_ptr<DB::IAST> const&, std::shared_ptr<DB::Context const> const&, DB::SelectQueryOptions const&, std::vector<String, std::allocator<String>> const&) @ 0x00000000153bf164
[2025-10-14T06:18:51.856+0000] {subprocess.py:93} INFO -   16. std::unique_ptr<DB::IInterpreter, std::default_delete<DB::IInterpreter>> std::__function::__policy_invoker<std::unique_ptr<DB::IInterpreter, std::default_delete<DB::IInterpreter>> (DB::InterpreterFactory::Arguments const&)>::__call_impl[abi:ne190107]<std::__function::__default_alloc_func<DB::registerInterpreterSelectQueryAnalyzer(DB::InterpreterFactory&)::$_0, std::unique_ptr<DB::IInterpreter, std::default_delete<DB::IInterpreter>> (DB::InterpreterFactory::Arguments const&)>>(std::__function::__policy_storage const*, DB::InterpreterFactory::Arguments const&) (.llvm.16636960449439460895) @ 0x00000000153c2424
[2025-10-14T06:18:51.857+0000] {subprocess.py:93} INFO -   17. DB::InterpreterFactory::get(std::shared_ptr<DB::IAST>&, std::shared_ptr<DB::Context>, DB::SelectQueryOptions const&) @ 0x000000001534e9dc
[2025-10-14T06:18:51.857+0000] {subprocess.py:93} INFO -   18. DB::executeQueryImpl(char const*, char const*, std::shared_ptr<DB::Context>, DB::QueryFlags, DB::QueryProcessingStage::Enum, std::unique_ptr<DB::ReadBuffer, std::default_delete<DB::ReadBuffer>>&, std::shared_ptr<DB::IAST>&, std::shared_ptr<DB::ImplicitTransactionControlExecutor>) @ 0x00000000156eca14
[2025-10-14T06:18:51.857+0000] {subprocess.py:93} INFO -   19. DB::executeQuery(String const&, std::shared_ptr<DB::Context>, DB::QueryFlags, DB::QueryProcessingStage::Enum) @ 0x00000000156e83e8
[2025-10-14T06:18:51.857+0000] {subprocess.py:93} INFO -   20. DB::TCPHandler::runImpl() @ 0x0000000016aa2e48
[2025-10-14T06:18:51.857+0000] {subprocess.py:93} INFO -   21. DB::TCPHandler::run() @ 0x0000000016abf468
[2025-10-14T06:18:51.857+0000] {subprocess.py:93} INFO -   22. Poco::Net::TCPServerConnection::start() @ 0x000000001b271198
[2025-10-14T06:18:51.857+0000] {subprocess.py:93} INFO -   23. Poco::Net::TCPServerDispatcher::run() @ 0x000000001b271734
[2025-10-14T06:18:51.857+0000] {subprocess.py:93} INFO -   24. Poco::PooledThread::run() @ 0x000000001b2376dc
[2025-10-14T06:18:51.857+0000] {subprocess.py:93} INFO -   25. Poco::ThreadImpl::runnableEntry(void*) @ 0x000000001b235a50
[2025-10-14T06:18:51.857+0000] {subprocess.py:93} INFO -   26. ? @ 0x0000000000080398
[2025-10-14T06:18:51.857+0000] {subprocess.py:93} INFO -   27. ? @ 0x00000000000e9e9c
[2025-10-14T06:18:51.857+0000] {subprocess.py:93} INFO -   compiled code at target/run/event_gen/models/marts/core/core.yml/not_null_fct_events_page_key.sql
[2025-10-14T06:18:51.857+0000] {subprocess.py:93} INFO - [0m06:18:51
[2025-10-14T06:18:51.857+0000] {subprocess.py:93} INFO - [0m06:18:51    compiled code at target/compiled/event_gen/models/marts/core/core.yml/not_null_fct_events_page_key.sql
[2025-10-14T06:18:51.857+0000] {subprocess.py:93} INFO - [0m06:18:51
[2025-10-14T06:18:51.857+0000] {subprocess.py:93} INFO - [0m06:18:51  [31mFailure in test not_null_fct_events_user_key (models/marts/core/core.yml)[0m
[2025-10-14T06:18:51.857+0000] {subprocess.py:93} INFO - [0m06:18:51    Database Error in test not_null_fct_events_user_key (models/marts/core/core.yml)
[2025-10-14T06:18:51.857+0000] {subprocess.py:93} INFO -   Code: 47.
[2025-10-14T06:18:51.857+0000] {subprocess.py:93} INFO -   DB::Exception: Unknown expression identifier `user_key` in scope SELECT user_key FROM analytics.fct_events WHERE user_key IS NULL. Maybe you meant: ['user_id']. Stack trace:
[2025-10-14T06:18:51.857+0000] {subprocess.py:93} INFO - 
[2025-10-14T06:18:51.857+0000] {subprocess.py:93} INFO -   0. DB::Exception::Exception(DB::Exception::MessageMasked&&, int, bool) @ 0x0000000011000530
[2025-10-14T06:18:51.858+0000] {subprocess.py:93} INFO -   1. DB::Exception::Exception(String&&, int, String, bool) @ 0x000000000b968d98
[2025-10-14T06:18:51.858+0000] {subprocess.py:93} INFO -   2. DB::Exception::Exception(PreformattedMessage&&, int) @ 0x000000000b968868
[2025-10-14T06:18:51.858+0000] {subprocess.py:93} INFO -   3. DB::Exception::Exception<char const*, String&, String, String, String>(int, FormatStringHelperImpl<std::type_identity<char const*>::type, std::type_identity<String&>::type, std::type_identity<String>::type, std::type_identity<String>::type, std::type_identity<String>::type>, char const*&&, String&, String&&, String&&, String&&) @ 0x0000000014a5b1f4
[2025-10-14T06:18:51.858+0000] {subprocess.py:93} INFO -   4. DB::QueryAnalyzer::resolveExpressionNode(std::shared_ptr<DB::IQueryTreeNode>&, DB::IdentifierResolveScope&, bool, bool, bool) @ 0x0000000014a41b34
[2025-10-14T06:18:51.858+0000] {subprocess.py:93} INFO -   5. DB::QueryAnalyzer::resolveExpressionNodeList(std::shared_ptr<DB::IQueryTreeNode>&, DB::IdentifierResolveScope&, bool, bool) @ 0x0000000014a3f65c
[2025-10-14T06:18:51.858+0000] {subprocess.py:93} INFO -   6. DB::QueryAnalyzer::resolveProjectionExpressionNodeList(std::shared_ptr<DB::IQueryTreeNode>&, DB::IdentifierResolveScope&) @ 0x0000000014a5be84
[2025-10-14T06:18:51.858+0000] {subprocess.py:93} INFO -   7. DB::QueryAnalyzer::resolveQuery(std::shared_ptr<DB::IQueryTreeNode> const&, DB::IdentifierResolveScope&) @ 0x0000000014a384a8
[2025-10-14T06:18:51.858+0000] {subprocess.py:93} INFO -   8. DB::QueryAnalyzer::resolveExpressionNode(std::shared_ptr<DB::IQueryTreeNode>&, DB::IdentifierResolveScope&, bool, bool, bool) @ 0x0000000014a3ff4c
[2025-10-14T06:18:51.858+0000] {subprocess.py:93} INFO -   9. DB::QueryAnalyzer::resolveQueryJoinTreeNode(std::shared_ptr<DB::IQueryTreeNode>&, DB::IdentifierResolveScope&, DB::QueryExpressionsAliasVisitor&) @ 0x0000000014a5cc5c
[2025-10-14T06:18:51.858+0000] {subprocess.py:93} INFO -   10. DB::QueryAnalyzer::resolveQuery(std::shared_ptr<DB::IQueryTreeNode> const&, DB::IdentifierResolveScope&) @ 0x0000000014a38474
[2025-10-14T06:18:51.858+0000] {subprocess.py:93} INFO -   11. DB::QueryAnalyzer::resolve(std::shared_ptr<DB::IQueryTreeNode>&, std::shared_ptr<DB::IQueryTreeNode> const&, std::shared_ptr<DB::Context const>) @ 0x0000000014a36574
[2025-10-14T06:18:51.858+0000] {subprocess.py:93} INFO -   12. DB::QueryAnalysisPass::run(std::shared_ptr<DB::IQueryTreeNode>&, std::shared_ptr<DB::Context const>) @ 0x0000000014a35bb0
[2025-10-14T06:18:51.858+0000] {subprocess.py:93} INFO -   13. DB::QueryTreePassManager::run(std::shared_ptr<DB::IQueryTreeNode>) @ 0x0000000014a79a7c
[2025-10-14T06:18:51.859+0000] {subprocess.py:93} INFO -   14. DB::buildQueryTreeAndRunPasses(std::shared_ptr<DB::IAST> const&, DB::SelectQueryOptions const&, std::shared_ptr<DB::Context const> const&, std::shared_ptr<DB::IStorage> const&) (.llvm.16636960449439460895) @ 0x00000000153c0f84
[2025-10-14T06:18:51.859+0000] {subprocess.py:93} INFO -   15. DB::InterpreterSelectQueryAnalyzer::InterpreterSelectQueryAnalyzer(std::shared_ptr<DB::IAST> const&, std::shared_ptr<DB::Context const> const&, DB::SelectQueryOptions const&, std::vector<String, std::allocator<String>> const&) @ 0x00000000153bf164
[2025-10-14T06:18:51.859+0000] {subprocess.py:93} INFO -   16. std::unique_ptr<DB::IInterpreter, std::default_delete<DB::IInterpreter>> std::__function::__policy_invoker<std::unique_ptr<DB::IInterpreter, std::default_delete<DB::IInterpreter>> (DB::InterpreterFactory::Arguments const&)>::__call_impl[abi:ne190107]<std::__function::__default_alloc_func<DB::registerInterpreterSelectQueryAnalyzer(DB::InterpreterFactory&)::$_0, std::unique_ptr<DB::IInterpreter, std::default_delete<DB::IInterpreter>> (DB::InterpreterFactory::Arguments const&)>>(std::__function::__policy_storage const*, DB::InterpreterFactory::Arguments const&) (.llvm.16636960449439460895) @ 0x00000000153c2424
[2025-10-14T06:18:51.859+0000] {subprocess.py:93} INFO -   17. DB::InterpreterFactory::get(std::shared_ptr<DB::IAST>&, std::shared_ptr<DB::Context>, DB::SelectQueryOptions const&) @ 0x000000001534e9dc
[2025-10-14T06:18:51.859+0000] {subprocess.py:93} INFO -   18. DB::executeQueryImpl(char const*, char const*, std::shared_ptr<DB::Context>, DB::QueryFlags, DB::QueryProcessingStage::Enum, std::unique_ptr<DB::ReadBuffer, std::default_delete<DB::ReadBuffer>>&, std::shared_ptr<DB::IAST>&, std::shared_ptr<DB::ImplicitTransactionControlExecutor>) @ 0x00000000156eca14
[2025-10-14T06:18:51.859+0000] {subprocess.py:93} INFO -   19. DB::executeQuery(String const&, std::shared_ptr<DB::Context>, DB::QueryFlags, DB::QueryProcessingStage::Enum) @ 0x00000000156e83e8
[2025-10-14T06:18:51.859+0000] {subprocess.py:93} INFO -   20. DB::TCPHandler::runImpl() @ 0x0000000016aa2e48
[2025-10-14T06:18:51.859+0000] {subprocess.py:93} INFO -   21. DB::TCPHandler::run() @ 0x0000000016abf468
[2025-10-14T06:18:51.859+0000] {subprocess.py:93} INFO -   22. Poco::Net::TCPServerConnection::start() @ 0x000000001b271198
[2025-10-14T06:18:51.859+0000] {subprocess.py:93} INFO -   23. Poco::Net::TCPServerDispatcher::run() @ 0x000000001b271734
[2025-10-14T06:18:51.859+0000] {subprocess.py:93} INFO -   24. Poco::PooledThread::run() @ 0x000000001b2376dc
[2025-10-14T06:18:51.859+0000] {subprocess.py:93} INFO -   25. Poco::ThreadImpl::runnableEntry(void*) @ 0x000000001b235a50
[2025-10-14T06:18:51.859+0000] {subprocess.py:93} INFO -   26. ? @ 0x0000000000080398
[2025-10-14T06:18:51.859+0000] {subprocess.py:93} INFO -   27. ? @ 0x00000000000e9e9c
[2025-10-14T06:18:51.859+0000] {subprocess.py:93} INFO -   compiled code at target/run/event_gen/models/marts/core/core.yml/not_null_fct_events_user_key.sql
[2025-10-14T06:18:51.859+0000] {subprocess.py:93} INFO - [0m06:18:51
[2025-10-14T06:18:51.859+0000] {subprocess.py:93} INFO - [0m06:18:51    compiled code at target/compiled/event_gen/models/marts/core/core.yml/not_null_fct_events_user_key.sql
[2025-10-14T06:18:51.859+0000] {subprocess.py:93} INFO - [0m06:18:51
[2025-10-14T06:18:51.860+0000] {subprocess.py:93} INFO - [0m06:18:51  [31mFailure in test relationships_fct_events_page_key__page_key__ref_dim_pages_ (models/marts/core/core.yml)[0m
[2025-10-14T06:18:51.860+0000] {subprocess.py:93} INFO - [0m06:18:51    Database Error in test relationships_fct_events_page_key__page_key__ref_dim_pages_ (models/marts/core/core.yml)
[2025-10-14T06:18:51.860+0000] {subprocess.py:93} INFO -   Code: 47.
[2025-10-14T06:18:51.860+0000] {subprocess.py:93} INFO -   DB::Exception: Unknown expression identifier `page_key` in scope  child. Maybe you meant: ['page_url']. Stack trace:
[2025-10-14T06:18:51.860+0000] {subprocess.py:93} INFO - 
[2025-10-14T06:18:51.860+0000] {subprocess.py:93} INFO -   0. DB::Exception::Exception(DB::Exception::MessageMasked&&, int, bool) @ 0x0000000011000530
[2025-10-14T06:18:51.860+0000] {subprocess.py:93} INFO -   1. DB::Exception::Exception(String&&, int, String, bool) @ 0x000000000b968d98
[2025-10-14T06:18:51.860+0000] {subprocess.py:93} INFO -   2. DB::Exception::Exception(PreformattedMessage&&, int) @ 0x000000000b968868
[2025-10-14T06:18:51.860+0000] {subprocess.py:93} INFO -   3. DB::Exception::Exception<char const*, String&, String, String, String>(int, FormatStringHelperImpl<std::type_identity<char const*>::type, std::type_identity<String&>::type, std::type_identity<String>::type, std::type_identity<String>::type, std::type_identity<String>::type>, char const*&&, String&, String&&, String&&, String&&) @ 0x0000000014a5b1f4
[2025-10-14T06:18:51.860+0000] {subprocess.py:93} INFO -   4. DB::QueryAnalyzer::resolveExpressionNode(std::shared_ptr<DB::IQueryTreeNode>&, DB::IdentifierResolveScope&, bool, bool, bool) @ 0x0000000014a41b34
[2025-10-14T06:18:51.860+0000] {subprocess.py:93} INFO -   5. DB::QueryAnalyzer::resolveExpressionNodeList(std::shared_ptr<DB::IQueryTreeNode>&, DB::IdentifierResolveScope&, bool, bool) @ 0x0000000014a3f65c
[2025-10-14T06:18:51.860+0000] {subprocess.py:93} INFO -   6. DB::QueryAnalyzer::resolveProjectionExpressionNodeList(std::shared_ptr<DB::IQueryTreeNode>&, DB::IdentifierResolveScope&) @ 0x0000000014a5be84
[2025-10-14T06:18:51.860+0000] {subprocess.py:93} INFO -   7. DB::QueryAnalyzer::resolveQuery(std::shared_ptr<DB::IQueryTreeNode> const&, DB::IdentifierResolveScope&) @ 0x0000000014a384a8
[2025-10-14T06:18:51.860+0000] {subprocess.py:93} INFO -   8. DB::QueryAnalyzer::resolveExpressionNode(std::shared_ptr<DB::IQueryTreeNode>&, DB::IdentifierResolveScope&, bool, bool, bool) @ 0x0000000014a3ff4c
[2025-10-14T06:18:51.860+0000] {subprocess.py:93} INFO -   9. DB::QueryAnalyzer::resolveQueryJoinTreeNode(std::shared_ptr<DB::IQueryTreeNode>&, DB::IdentifierResolveScope&, DB::QueryExpressionsAliasVisitor&) @ 0x0000000014a5cc5c
[2025-10-14T06:18:51.860+0000] {subprocess.py:93} INFO -   10. DB::QueryAnalyzer::resolveJoin(std::shared_ptr<DB::IQueryTreeNode>&, DB::IdentifierResolveScope&, DB::QueryExpressionsAliasVisitor&) @ 0x0000000014a5e054
[2025-10-14T06:18:51.860+0000] {subprocess.py:93} INFO -   11. DB::QueryAnalyzer::resolveQueryJoinTreeNode(std::shared_ptr<DB::IQueryTreeNode>&, DB::IdentifierResolveScope&, DB::QueryExpressionsAliasVisitor&) @ 0x0000000014a5c974
[2025-10-14T06:18:51.860+0000] {subprocess.py:93} INFO -   12. DB::QueryAnalyzer::resolveQuery(std::shared_ptr<DB::IQueryTreeNode> const&, DB::IdentifierResolveScope&) @ 0x0000000014a38474
[2025-10-14T06:18:51.860+0000] {subprocess.py:93} INFO -   13. DB::QueryAnalyzer::resolveExpressionNode(std::shared_ptr<DB::IQueryTreeNode>&, DB::IdentifierResolveScope&, bool, bool, bool) @ 0x0000000014a3ff4c
[2025-10-14T06:18:51.860+0000] {subprocess.py:93} INFO -   14. DB::QueryAnalyzer::resolveQueryJoinTreeNode(std::shared_ptr<DB::IQueryTreeNode>&, DB::IdentifierResolveScope&, DB::QueryExpressionsAliasVisitor&) @ 0x0000000014a5cc5c
[2025-10-14T06:18:51.860+0000] {subprocess.py:93} INFO -   15. DB::QueryAnalyzer::resolveQuery(std::shared_ptr<DB::IQueryTreeNode> const&, DB::IdentifierResolveScope&) @ 0x0000000014a38474
[2025-10-14T06:18:51.861+0000] {subprocess.py:93} INFO -   16. DB::QueryAnalyzer::resolve(std::shared_ptr<DB::IQueryTreeNode>&, std::shared_ptr<DB::IQueryTreeNode> const&, std::shared_ptr<DB::Context const>) @ 0x0000000014a36574
[2025-10-14T06:18:51.861+0000] {subprocess.py:93} INFO -   17. DB::QueryAnalysisPass::run(std::shared_ptr<DB::IQueryTreeNode>&, std::shared_ptr<DB::Context const>) @ 0x0000000014a35bb0
[2025-10-14T06:18:51.861+0000] {subprocess.py:93} INFO -   18. DB::QueryTreePassManager::run(std::shared_ptr<DB::IQueryTreeNode>) @ 0x0000000014a79a7c
[2025-10-14T06:18:51.861+0000] {subprocess.py:93} INFO -   19. DB::buildQueryTreeAndRunPasses(std::shared_ptr<DB::IAST> const&, DB::SelectQueryOptions const&, std::shared_ptr<DB::Context const> const&, std::shared_ptr<DB::IStorage> const&) (.llvm.16636960449439460895) @ 0x00000000153c0f84
[2025-10-14T06:18:51.861+0000] {subprocess.py:93} INFO -   20. DB::InterpreterSelectQueryAnalyzer::InterpreterSelectQueryAnalyzer(std::shared_ptr<DB::IAST> const&, std::shared_ptr<DB::Context const> const&, DB::SelectQueryOptions const&, std::vector<String, std::allocator<String>> const&) @ 0x00000000153bf164
[2025-10-14T06:18:51.861+0000] {subprocess.py:93} INFO -   21. std::unique_ptr<DB::IInterpreter, std::default_delete<DB::IInterpreter>> std::__function::__policy_invoker<std::unique_ptr<DB::IInterpreter, std::default_delete<DB::IInterpreter>> (DB::InterpreterFactory::Arguments const&)>::__call_impl[abi:ne190107]<std::__function::__default_alloc_func<DB::registerInterpreterSelectQueryAnalyzer(DB::InterpreterFactory&)::$_0, std::unique_ptr<DB::IInterpreter, std::default_delete<DB::IInterpreter>> (DB::InterpreterFactory::Arguments const&)>>(std::__function::__policy_storage const*, DB::InterpreterFactory::Arguments const&) (.llvm.16636960449439460895) @ 0x00000000153c2424
[2025-10-14T06:18:51.861+0000] {subprocess.py:93} INFO -   22. DB::InterpreterFactory::get(std::shared_ptr<DB::IAST>&, std::shared_ptr<DB::Context>, DB::SelectQueryOptions const&) @ 0x000000001534e9dc
[2025-10-14T06:18:51.861+0000] {subprocess.py:93} INFO -   23. DB::executeQueryImpl(char const*, char const*, std::shared_ptr<DB::Context>, DB::QueryFlags, DB::QueryProcessingStage::Enum, std::unique_ptr<DB::ReadBuffer, std::default_delete<DB::ReadBuffer>>&, std::shared_ptr<DB::IAST>&, std::shared_ptr<DB::ImplicitTransactionControlExecutor>) @ 0x00000000156eca14
[2025-10-14T06:18:51.861+0000] {subprocess.py:93} INFO -   24. DB::executeQuery(String const&, std::shared_ptr<DB::Context>, DB::QueryFlags, DB::QueryProcessingStage::Enum) @ 0x00000000156e83e8
[2025-10-14T06:18:51.861+0000] {subprocess.py:93} INFO -   25. DB::TCPHandler::runImpl() @ 0x0000000016aa2e48
[2025-10-14T06:18:51.861+0000] {subprocess.py:93} INFO -   26. DB::TCPHandler::run() @ 0x0000000016abf468
[2025-10-14T06:18:51.861+0000] {subprocess.py:93} INFO -   27. Poco::Net::TCPServerConnection::start() @ 0x000000001b271198
[2025-10-14T06:18:51.861+0000] {subprocess.py:93} INFO -   28. Poco::Net::TCPServerDispatcher::run() @ 0x000000001b271734
[2025-10-14T06:18:51.861+0000] {subprocess.py:93} INFO -   29. Poco::PooledThread::run() @ 0x000000001b2376dc
[2025-10-14T06:18:51.861+0000] {subprocess.py:93} INFO -   30. Poco::ThreadImpl::runnableEntry(void*) @ 0x000000001b235a50
[2025-10-14T06:18:51.861+0000] {subprocess.py:93} INFO -   31. ? @ 0x0000000000080398
[2025-10-14T06:18:51.861+0000] {subprocess.py:93} INFO -   compiled code at target/run/event_gen/models/marts/core/core.yml/relationships_fct_events_page_key__page_key__ref_dim_pages_.sql
[2025-10-14T06:18:51.861+0000] {subprocess.py:93} INFO - [0m06:18:51
[2025-10-14T06:18:51.862+0000] {subprocess.py:93} INFO - [0m06:18:51    compiled code at target/compiled/event_gen/models/marts/core/core.yml/relationships_fct_events_page_key__page_key__ref_dim_pages_.sql
[2025-10-14T06:18:51.862+0000] {subprocess.py:93} INFO - [0m06:18:51
[2025-10-14T06:18:51.862+0000] {subprocess.py:93} INFO - [0m06:18:51  [31mFailure in test relationships_fct_events_user_key__user_key__ref_dim_users_ (models/marts/core/core.yml)[0m
[2025-10-14T06:18:51.862+0000] {subprocess.py:93} INFO - [0m06:18:51    Database Error in test relationships_fct_events_user_key__user_key__ref_dim_users_ (models/marts/core/core.yml)
[2025-10-14T06:18:51.862+0000] {subprocess.py:93} INFO -   Code: 47.
[2025-10-14T06:18:51.862+0000] {subprocess.py:93} INFO -   DB::Exception: Unknown expression identifier `user_key` in scope  child. Maybe you meant: ['user_id']. Stack trace:
[2025-10-14T06:18:51.862+0000] {subprocess.py:93} INFO - 
[2025-10-14T06:18:51.862+0000] {subprocess.py:93} INFO -   0. DB::Exception::Exception(DB::Exception::MessageMasked&&, int, bool) @ 0x0000000011000530
[2025-10-14T06:18:51.862+0000] {subprocess.py:93} INFO -   1. DB::Exception::Exception(String&&, int, String, bool) @ 0x000000000b968d98
[2025-10-14T06:18:51.862+0000] {subprocess.py:93} INFO -   2. DB::Exception::Exception(PreformattedMessage&&, int) @ 0x000000000b968868
[2025-10-14T06:18:51.862+0000] {subprocess.py:93} INFO -   3. DB::Exception::Exception<char const*, String&, String, String, String>(int, FormatStringHelperImpl<std::type_identity<char const*>::type, std::type_identity<String&>::type, std::type_identity<String>::type, std::type_identity<String>::type, std::type_identity<String>::type>, char const*&&, String&, String&&, String&&, String&&) @ 0x0000000014a5b1f4
[2025-10-14T06:18:51.862+0000] {subprocess.py:93} INFO -   4. DB::QueryAnalyzer::resolveExpressionNode(std::shared_ptr<DB::IQueryTreeNode>&, DB::IdentifierResolveScope&, bool, bool, bool) @ 0x0000000014a41b34
[2025-10-14T06:18:51.862+0000] {subprocess.py:93} INFO -   5. DB::QueryAnalyzer::resolveExpressionNodeList(std::shared_ptr<DB::IQueryTreeNode>&, DB::IdentifierResolveScope&, bool, bool) @ 0x0000000014a3f65c
[2025-10-14T06:18:51.862+0000] {subprocess.py:93} INFO -   6. DB::QueryAnalyzer::resolveProjectionExpressionNodeList(std::shared_ptr<DB::IQueryTreeNode>&, DB::IdentifierResolveScope&) @ 0x0000000014a5be84
[2025-10-14T06:18:51.862+0000] {subprocess.py:93} INFO -   7. DB::QueryAnalyzer::resolveQuery(std::shared_ptr<DB::IQueryTreeNode> const&, DB::IdentifierResolveScope&) @ 0x0000000014a384a8
[2025-10-14T06:18:51.862+0000] {subprocess.py:93} INFO -   8. DB::QueryAnalyzer::resolveExpressionNode(std::shared_ptr<DB::IQueryTreeNode>&, DB::IdentifierResolveScope&, bool, bool, bool) @ 0x0000000014a3ff4c
[2025-10-14T06:18:51.862+0000] {subprocess.py:93} INFO -   9. DB::QueryAnalyzer::resolveQueryJoinTreeNode(std::shared_ptr<DB::IQueryTreeNode>&, DB::IdentifierResolveScope&, DB::QueryExpressionsAliasVisitor&) @ 0x0000000014a5cc5c
[2025-10-14T06:18:51.862+0000] {subprocess.py:93} INFO -   10. DB::QueryAnalyzer::resolveJoin(std::shared_ptr<DB::IQueryTreeNode>&, DB::IdentifierResolveScope&, DB::QueryExpressionsAliasVisitor&) @ 0x0000000014a5e054
[2025-10-14T06:18:51.863+0000] {subprocess.py:93} INFO -   11. DB::QueryAnalyzer::resolveQueryJoinTreeNode(std::shared_ptr<DB::IQueryTreeNode>&, DB::IdentifierResolveScope&, DB::QueryExpressionsAliasVisitor&) @ 0x0000000014a5c974
[2025-10-14T06:18:51.863+0000] {subprocess.py:93} INFO -   12. DB::QueryAnalyzer::resolveQuery(std::shared_ptr<DB::IQueryTreeNode> const&, DB::IdentifierResolveScope&) @ 0x0000000014a38474
[2025-10-14T06:18:51.863+0000] {subprocess.py:93} INFO -   13. DB::QueryAnalyzer::resolveExpressionNode(std::shared_ptr<DB::IQueryTreeNode>&, DB::IdentifierResolveScope&, bool, bool, bool) @ 0x0000000014a3ff4c
[2025-10-14T06:18:51.863+0000] {subprocess.py:93} INFO -   14. DB::QueryAnalyzer::resolveQueryJoinTreeNode(std::shared_ptr<DB::IQueryTreeNode>&, DB::IdentifierResolveScope&, DB::QueryExpressionsAliasVisitor&) @ 0x0000000014a5cc5c
[2025-10-14T06:18:51.863+0000] {subprocess.py:93} INFO -   15. DB::QueryAnalyzer::resolveQuery(std::shared_ptr<DB::IQueryTreeNode> const&, DB::IdentifierResolveScope&) @ 0x0000000014a38474
[2025-10-14T06:18:51.863+0000] {subprocess.py:93} INFO -   16. DB::QueryAnalyzer::resolve(std::shared_ptr<DB::IQueryTreeNode>&, std::shared_ptr<DB::IQueryTreeNode> const&, std::shared_ptr<DB::Context const>) @ 0x0000000014a36574
[2025-10-14T06:18:51.863+0000] {subprocess.py:93} INFO -   17. DB::QueryAnalysisPass::run(std::shared_ptr<DB::IQueryTreeNode>&, std::shared_ptr<DB::Context const>) @ 0x0000000014a35bb0
[2025-10-14T06:18:51.863+0000] {subprocess.py:93} INFO -   18. DB::QueryTreePassManager::run(std::shared_ptr<DB::IQueryTreeNode>) @ 0x0000000014a79a7c
[2025-10-14T06:18:51.863+0000] {subprocess.py:93} INFO -   19. DB::buildQueryTreeAndRunPasses(std::shared_ptr<DB::IAST> const&, DB::SelectQueryOptions const&, std::shared_ptr<DB::Context const> const&, std::shared_ptr<DB::IStorage> const&) (.llvm.16636960449439460895) @ 0x00000000153c0f84
[2025-10-14T06:18:51.863+0000] {subprocess.py:93} INFO -   20. DB::InterpreterSelectQueryAnalyzer::InterpreterSelectQueryAnalyzer(std::shared_ptr<DB::IAST> const&, std::shared_ptr<DB::Context const> const&, DB::SelectQueryOptions const&, std::vector<String, std::allocator<String>> const&) @ 0x00000000153bf164
[2025-10-14T06:18:51.863+0000] {subprocess.py:93} INFO -   21. std::unique_ptr<DB::IInterpreter, std::default_delete<DB::IInterpreter>> std::__function::__policy_invoker<std::unique_ptr<DB::IInterpreter, std::default_delete<DB::IInterpreter>> (DB::InterpreterFactory::Arguments const&)>::__call_impl[abi:ne190107]<std::__function::__default_alloc_func<DB::registerInterpreterSelectQueryAnalyzer(DB::InterpreterFactory&)::$_0, std::unique_ptr<DB::IInterpreter, std::default_delete<DB::IInterpreter>> (DB::InterpreterFactory::Arguments const&)>>(std::__function::__policy_storage const*, DB::InterpreterFactory::Arguments const&) (.llvm.16636960449439460895) @ 0x00000000153c2424
[2025-10-14T06:18:51.863+0000] {subprocess.py:93} INFO -   22. DB::InterpreterFactory::get(std::shared_ptr<DB::IAST>&, std::shared_ptr<DB::Context>, DB::SelectQueryOptions const&) @ 0x000000001534e9dc
[2025-10-14T06:18:51.863+0000] {subprocess.py:93} INFO -   23. DB::executeQueryImpl(char const*, char const*, std::shared_ptr<DB::Context>, DB::QueryFlags, DB::QueryProcessingStage::Enum, std::unique_ptr<DB::ReadBuffer, std::default_delete<DB::ReadBuffer>>&, std::shared_ptr<DB::IAST>&, std::shared_ptr<DB::ImplicitTransactionControlExecutor>) @ 0x00000000156eca14
[2025-10-14T06:18:51.863+0000] {subprocess.py:93} INFO -   24. DB::executeQuery(String const&, std::shared_ptr<DB::Context>, DB::QueryFlags, DB::QueryProcessingStage::Enum) @ 0x00000000156e83e8
[2025-10-14T06:18:51.863+0000] {subprocess.py:93} INFO -   25. DB::TCPHandler::runImpl() @ 0x0000000016aa2e48
[2025-10-14T06:18:51.863+0000] {subprocess.py:93} INFO -   26. DB::TCPHandler::run() @ 0x0000000016abf468
[2025-10-14T06:18:51.863+0000] {subprocess.py:93} INFO -   27. Poco::Net::TCPServerConnection::start() @ 0x000000001b271198
[2025-10-14T06:18:51.864+0000] {subprocess.py:93} INFO -   28. Poco::Net::TCPServerDispatcher::run() @ 0x000000001b271734
[2025-10-14T06:18:51.864+0000] {subprocess.py:93} INFO -   29. Poco::PooledThread::run() @ 0x000000001b2376dc
[2025-10-14T06:18:51.864+0000] {subprocess.py:93} INFO -   30. Poco::ThreadImpl::runnableEntry(void*) @ 0x000000001b235a50
[2025-10-14T06:18:51.864+0000] {subprocess.py:93} INFO -   31. ? @ 0x0000000000080398
[2025-10-14T06:18:51.864+0000] {subprocess.py:93} INFO -   compiled code at target/run/event_gen/models/marts/core/core.yml/relationships_fct_events_user_key__user_key__ref_dim_users_.sql
[2025-10-14T06:18:51.864+0000] {subprocess.py:93} INFO - [0m06:18:51
[2025-10-14T06:18:51.864+0000] {subprocess.py:93} INFO - [0m06:18:51    compiled code at target/compiled/event_gen/models/marts/core/core.yml/relationships_fct_events_user_key__user_key__ref_dim_users_.sql
[2025-10-14T06:18:51.864+0000] {subprocess.py:93} INFO - [0m06:18:51
[2025-10-14T06:18:51.864+0000] {subprocess.py:93} INFO - [0m06:18:51  [31mFailure in test timestamp_not_future (tests/timestamp_not_future.sql)[0m
[2025-10-14T06:18:51.864+0000] {subprocess.py:93} INFO - [0m06:18:51    Database Error in test timestamp_not_future (tests/timestamp_not_future.sql)
[2025-10-14T06:18:51.864+0000] {subprocess.py:93} INFO -   Code: 47.
[2025-10-14T06:18:51.864+0000] {subprocess.py:93} INFO -   DB::Exception: Unknown expression identifier `event_id` in scope SELECT event_id, event_timestamp, current_timestamp() AS current_time FROM analytics.fct_events WHERE event_timestamp > current_timestamp(). Maybe you meant: ['event_key']. Stack trace:
[2025-10-14T06:18:51.864+0000] {subprocess.py:93} INFO - 
[2025-10-14T06:18:51.865+0000] {subprocess.py:93} INFO -   0. DB::Exception::Exception(DB::Exception::MessageMasked&&, int, bool) @ 0x0000000011000530
[2025-10-14T06:18:51.865+0000] {subprocess.py:93} INFO -   1. DB::Exception::Exception(String&&, int, String, bool) @ 0x000000000b968d98
[2025-10-14T06:18:51.865+0000] {subprocess.py:93} INFO -   2. DB::Exception::Exception(PreformattedMessage&&, int) @ 0x000000000b968868
[2025-10-14T06:18:51.865+0000] {subprocess.py:93} INFO -   3. DB::Exception::Exception<char const*, String&, String, String, String>(int, FormatStringHelperImpl<std::type_identity<char const*>::type, std::type_identity<String&>::type, std::type_identity<String>::type, std::type_identity<String>::type, std::type_identity<String>::type>, char const*&&, String&, String&&, String&&, String&&) @ 0x0000000014a5b1f4
[2025-10-14T06:18:51.865+0000] {subprocess.py:93} INFO -   4. DB::QueryAnalyzer::resolveExpressionNode(std::shared_ptr<DB::IQueryTreeNode>&, DB::IdentifierResolveScope&, bool, bool, bool) @ 0x0000000014a41b34
[2025-10-14T06:18:51.865+0000] {subprocess.py:93} INFO -   5. DB::QueryAnalyzer::resolveExpressionNodeList(std::shared_ptr<DB::IQueryTreeNode>&, DB::IdentifierResolveScope&, bool, bool) @ 0x0000000014a3f65c
[2025-10-14T06:18:51.865+0000] {subprocess.py:93} INFO -   6. DB::QueryAnalyzer::resolveProjectionExpressionNodeList(std::shared_ptr<DB::IQueryTreeNode>&, DB::IdentifierResolveScope&) @ 0x0000000014a5be84
[2025-10-14T06:18:51.865+0000] {subprocess.py:93} INFO -   7. DB::QueryAnalyzer::resolveQuery(std::shared_ptr<DB::IQueryTreeNode> const&, DB::IdentifierResolveScope&) @ 0x0000000014a384a8
[2025-10-14T06:18:51.865+0000] {subprocess.py:93} INFO -   8. DB::QueryAnalyzer::resolveExpressionNode(std::shared_ptr<DB::IQueryTreeNode>&, DB::IdentifierResolveScope&, bool, bool, bool) @ 0x0000000014a3ff4c
[2025-10-14T06:18:51.865+0000] {subprocess.py:93} INFO -   9. DB::QueryAnalyzer::resolveQueryJoinTreeNode(std::shared_ptr<DB::IQueryTreeNode>&, DB::IdentifierResolveScope&, DB::QueryExpressionsAliasVisitor&) @ 0x0000000014a5cc5c
[2025-10-14T06:18:51.865+0000] {subprocess.py:93} INFO -   10. DB::QueryAnalyzer::resolveQuery(std::shared_ptr<DB::IQueryTreeNode> const&, DB::IdentifierResolveScope&) @ 0x0000000014a38474
[2025-10-14T06:18:51.865+0000] {subprocess.py:93} INFO -   11. DB::QueryAnalyzer::resolve(std::shared_ptr<DB::IQueryTreeNode>&, std::shared_ptr<DB::IQueryTreeNode> const&, std::shared_ptr<DB::Context const>) @ 0x0000000014a36574
[2025-10-14T06:18:51.865+0000] {subprocess.py:93} INFO -   12. DB::QueryAnalysisPass::run(std::shared_ptr<DB::IQueryTreeNode>&, std::shared_ptr<DB::Context const>) @ 0x0000000014a35bb0
[2025-10-14T06:18:51.865+0000] {subprocess.py:93} INFO -   13. DB::QueryTreePassManager::run(std::shared_ptr<DB::IQueryTreeNode>) @ 0x0000000014a79a7c
[2025-10-14T06:18:51.865+0000] {subprocess.py:93} INFO -   14. DB::buildQueryTreeAndRunPasses(std::shared_ptr<DB::IAST> const&, DB::SelectQueryOptions const&, std::shared_ptr<DB::Context const> const&, std::shared_ptr<DB::IStorage> const&) (.llvm.16636960449439460895) @ 0x00000000153c0f84
[2025-10-14T06:18:51.865+0000] {subprocess.py:93} INFO -   15. DB::InterpreterSelectQueryAnalyzer::InterpreterSelectQueryAnalyzer(std::shared_ptr<DB::IAST> const&, std::shared_ptr<DB::Context const> const&, DB::SelectQueryOptions const&, std::vector<String, std::allocator<String>> const&) @ 0x00000000153bf164
[2025-10-14T06:18:51.866+0000] {subprocess.py:93} INFO -   16. std::unique_ptr<DB::IInterpreter, std::default_delete<DB::IInterpreter>> std::__function::__policy_invoker<std::unique_ptr<DB::IInterpreter, std::default_delete<DB::IInterpreter>> (DB::InterpreterFactory::Arguments const&)>::__call_impl[abi:ne190107]<std::__function::__default_alloc_func<DB::registerInterpreterSelectQueryAnalyzer(DB::InterpreterFactory&)::$_0, std::unique_ptr<DB::IInterpreter, std::default_delete<DB::IInterpreter>> (DB::InterpreterFactory::Arguments const&)>>(std::__function::__policy_storage const*, DB::InterpreterFactory::Arguments const&) (.llvm.16636960449439460895) @ 0x00000000153c2424
[2025-10-14T06:18:51.866+0000] {subprocess.py:93} INFO -   17. DB::InterpreterFactory::get(std::shared_ptr<DB::IAST>&, std::shared_ptr<DB::Context>, DB::SelectQueryOptions const&) @ 0x000000001534e9dc
[2025-10-14T06:18:51.866+0000] {subprocess.py:93} INFO -   18. DB::executeQueryImpl(char const*, char const*, std::shared_ptr<DB::Context>, DB::QueryFlags, DB::QueryProcessingStage::Enum, std::unique_ptr<DB::ReadBuffer, std::default_delete<DB::ReadBuffer>>&, std::shared_ptr<DB::IAST>&, std::shared_ptr<DB::ImplicitTransactionControlExecutor>) @ 0x00000000156eca14
[2025-10-14T06:18:51.866+0000] {subprocess.py:93} INFO -   19. DB::executeQuery(String const&, std::shared_ptr<DB::Context>, DB::QueryFlags, DB::QueryProcessingStage::Enum) @ 0x00000000156e83e8
[2025-10-14T06:18:51.866+0000] {subprocess.py:93} INFO -   20. DB::TCPHandler::runImpl() @ 0x0000000016aa2e48
[2025-10-14T06:18:51.866+0000] {subprocess.py:93} INFO -   21. DB::TCPHandler::run() @ 0x0000000016abf468
[2025-10-14T06:18:51.866+0000] {subprocess.py:93} INFO -   22. Poco::Net::TCPServerConnection::start() @ 0x000000001b271198
[2025-10-14T06:18:51.866+0000] {subprocess.py:93} INFO -   23. Poco::Net::TCPServerDispatcher::run() @ 0x000000001b271734
[2025-10-14T06:18:51.866+0000] {subprocess.py:93} INFO -   24. Poco::PooledThread::run() @ 0x000000001b2376dc
[2025-10-14T06:18:51.866+0000] {subprocess.py:93} INFO -   25. Poco::ThreadImpl::runnableEntry(void*) @ 0x000000001b235a50
[2025-10-14T06:18:51.866+0000] {subprocess.py:93} INFO -   26. ? @ 0x0000000000080398
[2025-10-14T06:18:51.866+0000] {subprocess.py:93} INFO -   27. ? @ 0x00000000000e9e9c
[2025-10-14T06:18:51.866+0000] {subprocess.py:93} INFO -   compiled code at target/run/event_gen/tests/timestamp_not_future.sql
[2025-10-14T06:18:51.866+0000] {subprocess.py:93} INFO - [0m06:18:51
[2025-10-14T06:18:51.866+0000] {subprocess.py:93} INFO - [0m06:18:51    compiled code at target/compiled/event_gen/tests/timestamp_not_future.sql
[2025-10-14T06:18:51.866+0000] {subprocess.py:93} INFO - [0m06:18:51
[2025-10-14T06:18:51.867+0000] {subprocess.py:93} INFO - [0m06:18:51  Done. PASS=25 WARN=0 ERROR=6 SKIP=0 NO-OP=0 TOTAL=31
[2025-10-14T06:18:52.851+0000] {subprocess.py:97} INFO - Command exited with return code 1
[2025-10-14T06:18:52.856+0000] {taskinstance.py:2698} ERROR - Task failed with exception
Traceback (most recent call last):
  File "/home/airflow/.local/lib/python3.11/site-packages/airflow/models/taskinstance.py", line 433, in _execute_task
    result = execute_callable(context=context, **execute_callable_kwargs)
             ^^^^^^^^^^^^^^^^^^^^^^^^^^^^^^^^^^^^^^^^^^^^^^^^^^^^^^^^^^^^
  File "/home/airflow/.local/lib/python3.11/site-packages/airflow/operators/bash.py", line 212, in execute
    raise AirflowException(
airflow.exceptions.AirflowException: Bash command failed. The command returned a non-zero exit code 1.
[2025-10-14T06:18:52.857+0000] {taskinstance.py:1138} INFO - Marking task as FAILED. dag_id=events_analytics_pipeline, task_id=dbt_test, execution_date=20251014T060333, start_date=20251014T061850, end_date=20251014T061852
[2025-10-14T06:18:52.861+0000] {standard_task_runner.py:107} ERROR - Failed to execute job 76 for task dbt_test (Bash command failed. The command returned a non-zero exit code 1.; 807)
[2025-10-14T06:18:52.874+0000] {local_task_job_runner.py:234} INFO - Task exited with return code 1
[2025-10-14T06:18:52.883+0000] {taskinstance.py:3280} INFO - 0 downstream tasks scheduled from follow-on schedule check
