[2025-10-14T06:13:47.454+0000] {taskinstance.py:1956} INFO - Dependencies all met for dep_context=non-requeueable deps ti=<TaskInstance: events_analytics_pipeline.dbt_test manual__2025-10-14T06:03:33.121239+00:00 [queued]>
[2025-10-14T06:13:47.457+0000] {taskinstance.py:1956} INFO - Dependencies all met for dep_context=requeueable deps ti=<TaskInstance: events_analytics_pipeline.dbt_test manual__2025-10-14T06:03:33.121239+00:00 [queued]>
[2025-10-14T06:13:47.457+0000] {taskinstance.py:2170} INFO - Starting attempt 2 of 3
[2025-10-14T06:13:47.460+0000] {taskinstance.py:2191} INFO - Executing <Task(BashOperator): dbt_test> on 2025-10-14 06:03:33.121239+00:00
[2025-10-14T06:13:47.463+0000] {standard_task_runner.py:60} INFO - Started process 644 to run task
[2025-10-14T06:13:47.465+0000] {standard_task_runner.py:87} INFO - Running: ['***', 'tasks', 'run', 'events_analytics_pipeline', 'dbt_test', 'manual__2025-10-14T06:03:33.121239+00:00', '--job-id', '73', '--raw', '--subdir', 'DAGS_FOLDER/events_pipeline_dag.py', '--cfg-path', '/tmp/tmplg2ec7ul']
[2025-10-14T06:13:47.466+0000] {standard_task_runner.py:88} INFO - Job 73: Subtask dbt_test
[2025-10-14T06:13:47.484+0000] {task_command.py:423} INFO - Running <TaskInstance: events_analytics_pipeline.dbt_test manual__2025-10-14T06:03:33.121239+00:00 [running]> on host 7fd364930f15
[2025-10-14T06:13:47.506+0000] {taskinstance.py:2480} INFO - Exporting env vars: AIRFLOW_CTX_DAG_OWNER='data-team' AIRFLOW_CTX_DAG_ID='events_analytics_pipeline' AIRFLOW_CTX_TASK_ID='dbt_test' AIRFLOW_CTX_EXECUTION_DATE='2025-10-14T06:03:33.121239+00:00' AIRFLOW_CTX_TRY_NUMBER='2' AIRFLOW_CTX_DAG_RUN_ID='manual__2025-10-14T06:03:33.121239+00:00'
[2025-10-14T06:13:47.507+0000] {subprocess.py:63} INFO - Tmp dir root location: /tmp
[2025-10-14T06:13:47.507+0000] {subprocess.py:75} INFO - Running command: ['/usr/bin/bash', '-c', 'cd /opt/***/event_gen && /home/***/.local/bin/dbt test --profiles-dir /opt/***/.dbt --project-dir /opt/***/event_gen']
[2025-10-14T06:13:47.511+0000] {subprocess.py:86} INFO - Output:
[2025-10-14T06:13:48.064+0000] {subprocess.py:93} INFO - [0m06:13:48  Running with dbt=1.10.13
[2025-10-14T06:13:48.150+0000] {subprocess.py:93} INFO - [0m06:13:48  Registered adapter: clickhouse=1.9.4
[2025-10-14T06:13:48.320+0000] {subprocess.py:93} INFO - [0m06:13:48  Found 4 models, 31 data tests, 1 source, 599 macros
[2025-10-14T06:13:48.345+0000] {subprocess.py:93} INFO - [0m06:13:48
[2025-10-14T06:13:48.346+0000] {subprocess.py:93} INFO - [0m06:13:48  Concurrency: 4 threads (target='dev')
[2025-10-14T06:13:48.346+0000] {subprocess.py:93} INFO - [0m06:13:48
[2025-10-14T06:13:48.436+0000] {subprocess.py:93} INFO - [0m06:13:48  1 of 31 START test accepted_values_fct_events_event_type__False__page_view__click__scroll__form_submit__button_click  [RUN]
[2025-10-14T06:13:48.437+0000] {subprocess.py:93} INFO - [0m06:13:48  2 of 31 START test dbt_utils_expression_is_true_dim_pages_total_events___0 ..... [RUN]
[2025-10-14T06:13:48.437+0000] {subprocess.py:93} INFO - [0m06:13:48  3 of 31 START test dbt_utils_expression_is_true_dim_pages_unique_visitors___1 .. [RUN]
[2025-10-14T06:13:48.437+0000] {subprocess.py:93} INFO - [0m06:13:48  4 of 31 START test dbt_utils_expression_is_true_dim_users_days_active___1 ...... [RUN]
[2025-10-14T06:13:48.477+0000] {subprocess.py:93} INFO - [0m06:13:48  1 of 31 ERROR accepted_values_fct_events_event_type__False__page_view__click__scroll__form_submit__button_click  [[31mERROR[0m in 0.04s]
[2025-10-14T06:13:48.479+0000] {subprocess.py:93} INFO - [0m06:13:48  5 of 31 START test dbt_utils_expression_is_true_dim_users_total_events___0 ..... [RUN]
[2025-10-14T06:13:48.492+0000] {subprocess.py:93} INFO - [0m06:13:48  5 of 31 PASS dbt_utils_expression_is_true_dim_users_total_events___0 ........... [[32mPASS[0m in 0.01s]
[2025-10-14T06:13:48.494+0000] {subprocess.py:93} INFO - [0m06:13:48  6 of 31 START test not_null_dim_pages_domain ................................... [RUN]
[2025-10-14T06:13:48.504+0000] {subprocess.py:93} INFO - [0m06:13:48  2 of 31 PASS dbt_utils_expression_is_true_dim_pages_total_events___0 ........... [[32mPASS[0m in 0.07s]
[2025-10-14T06:13:48.505+0000] {subprocess.py:93} INFO - [0m06:13:48  4 of 31 PASS dbt_utils_expression_is_true_dim_users_days_active___1 ............ [[32mPASS[0m in 0.07s]
[2025-10-14T06:13:48.505+0000] {subprocess.py:93} INFO - [0m06:13:48  3 of 31 PASS dbt_utils_expression_is_true_dim_pages_unique_visitors___1 ........ [[32mPASS[0m in 0.07s]
[2025-10-14T06:13:48.508+0000] {subprocess.py:93} INFO - [0m06:13:48  7 of 31 START test not_null_dim_pages_page_key ................................. [RUN]
[2025-10-14T06:13:48.508+0000] {subprocess.py:93} INFO - [0m06:13:48  8 of 31 START test not_null_dim_pages_page_url ................................. [RUN]
[2025-10-14T06:13:48.508+0000] {subprocess.py:93} INFO - [0m06:13:48  9 of 31 START test not_null_dim_pages_total_events ............................. [RUN]
[2025-10-14T06:13:48.509+0000] {subprocess.py:93} INFO - [0m06:13:48  6 of 31 PASS not_null_dim_pages_domain ......................................... [[32mPASS[0m in 0.01s]
[2025-10-14T06:13:48.516+0000] {subprocess.py:93} INFO - [0m06:13:48  10 of 31 START test not_null_dim_pages_unique_visitors ......................... [RUN]
[2025-10-14T06:13:48.529+0000] {subprocess.py:93} INFO - [0m06:13:48  9 of 31 PASS not_null_dim_pages_total_events ................................... [[32mPASS[0m in 0.02s]
[2025-10-14T06:13:48.530+0000] {subprocess.py:93} INFO - [0m06:13:48  8 of 31 PASS not_null_dim_pages_page_url ....................................... [[32mPASS[0m in 0.02s]
[2025-10-14T06:13:48.531+0000] {subprocess.py:93} INFO - [0m06:13:48  7 of 31 PASS not_null_dim_pages_page_key ....................................... [[32mPASS[0m in 0.02s]
[2025-10-14T06:13:48.533+0000] {subprocess.py:93} INFO - [0m06:13:48  11 of 31 START test not_null_dim_users_days_active ............................. [RUN]
[2025-10-14T06:13:48.533+0000] {subprocess.py:93} INFO - [0m06:13:48  12 of 31 START test not_null_dim_users_first_event_at .......................... [RUN]
[2025-10-14T06:13:48.534+0000] {subprocess.py:93} INFO - [0m06:13:48  13 of 31 START test not_null_dim_users_total_events ............................ [RUN]
[2025-10-14T06:13:48.535+0000] {subprocess.py:93} INFO - [0m06:13:48  10 of 31 PASS not_null_dim_pages_unique_visitors ............................... [[32mPASS[0m in 0.02s]
[2025-10-14T06:13:48.543+0000] {subprocess.py:93} INFO - [0m06:13:48  14 of 31 START test not_null_dim_users_user_id ................................. [RUN]
[2025-10-14T06:13:48.554+0000] {subprocess.py:93} INFO - [0m06:13:48  13 of 31 PASS not_null_dim_users_total_events .................................. [[32mPASS[0m in 0.02s]
[2025-10-14T06:13:48.555+0000] {subprocess.py:93} INFO - [0m06:13:48  12 of 31 PASS not_null_dim_users_first_event_at ................................ [[32mPASS[0m in 0.02s]
[2025-10-14T06:13:48.556+0000] {subprocess.py:93} INFO - [0m06:13:48  11 of 31 PASS not_null_dim_users_days_active ................................... [[32mPASS[0m in 0.02s]
[2025-10-14T06:13:48.557+0000] {subprocess.py:93} INFO - [0m06:13:48  15 of 31 START test not_null_dim_users_user_key ................................ [RUN]
[2025-10-14T06:13:48.559+0000] {subprocess.py:93} INFO - [0m06:13:48  16 of 31 START test not_null_dim_users_username ................................ [RUN]
[2025-10-14T06:13:48.559+0000] {subprocess.py:93} INFO - [0m06:13:48  17 of 31 START test not_null_fct_events_event_date ............................. [RUN]
[2025-10-14T06:13:48.560+0000] {subprocess.py:93} INFO - [0m06:13:48  14 of 31 PASS not_null_dim_users_user_id ....................................... [[32mPASS[0m in 0.01s]
[2025-10-14T06:13:48.567+0000] {subprocess.py:93} INFO - [0m06:13:48  18 of 31 START test not_null_fct_events_event_key .............................. [RUN]
[2025-10-14T06:13:48.579+0000] {subprocess.py:93} INFO - [0m06:13:48  15 of 31 PASS not_null_dim_users_user_key ...................................... [[32mPASS[0m in 0.02s]
[2025-10-14T06:13:48.580+0000] {subprocess.py:93} INFO - [0m06:13:48  16 of 31 PASS not_null_dim_users_username ...................................... [[32mPASS[0m in 0.02s]
[2025-10-14T06:13:48.580+0000] {subprocess.py:93} INFO - [0m06:13:48  17 of 31 PASS not_null_fct_events_event_date ................................... [[32mPASS[0m in 0.02s]
[2025-10-14T06:13:48.582+0000] {subprocess.py:93} INFO - [0m06:13:48  19 of 31 START test not_null_fct_events_event_timestamp ........................ [RUN]
[2025-10-14T06:13:48.583+0000] {subprocess.py:93} INFO - [0m06:13:48  20 of 31 START test not_null_fct_events_event_type ............................. [RUN]
[2025-10-14T06:13:48.583+0000] {subprocess.py:93} INFO - [0m06:13:48  21 of 31 START test not_null_fct_events_page_key ............................... [RUN]
[2025-10-14T06:13:48.584+0000] {subprocess.py:93} INFO - [0m06:13:48  18 of 31 PASS not_null_fct_events_event_key .................................... [[32mPASS[0m in 0.02s]
[2025-10-14T06:13:48.592+0000] {subprocess.py:93} INFO - [0m06:13:48  22 of 31 START test not_null_fct_events_user_id ................................ [RUN]
[2025-10-14T06:13:48.606+0000] {subprocess.py:93} INFO - [0m06:13:48  20 of 31 PASS not_null_fct_events_event_type ................................... [[32mPASS[0m in 0.02s]
[2025-10-14T06:13:48.609+0000] {subprocess.py:93} INFO - [0m06:13:48  19 of 31 PASS not_null_fct_events_event_timestamp .............................. [[32mPASS[0m in 0.03s]
[2025-10-14T06:13:48.609+0000] {subprocess.py:93} INFO - [0m06:13:48  21 of 31 ERROR not_null_fct_events_page_key .................................... [[31mERROR[0m in 0.02s]
[2025-10-14T06:13:48.611+0000] {subprocess.py:93} INFO - [0m06:13:48  23 of 31 START test not_null_fct_events_user_key ............................... [RUN]
[2025-10-14T06:13:48.612+0000] {subprocess.py:93} INFO - [0m06:13:48  24 of 31 START test relationships_fct_events_page_key__page_key__ref_dim_pages_  [RUN]
[2025-10-14T06:13:48.614+0000] {subprocess.py:93} INFO - [0m06:13:48  22 of 31 PASS not_null_fct_events_user_id ...................................... [[32mPASS[0m in 0.02s]
[2025-10-14T06:13:48.615+0000] {subprocess.py:93} INFO - [0m06:13:48  25 of 31 START test relationships_fct_events_user_key__user_key__ref_dim_users_  [RUN]
[2025-10-14T06:13:48.622+0000] {subprocess.py:93} INFO - [0m06:13:48  26 of 31 START test timestamp_not_future ....................................... [RUN]
[2025-10-14T06:13:48.638+0000] {subprocess.py:93} INFO - [0m06:13:48  24 of 31 ERROR relationships_fct_events_page_key__page_key__ref_dim_pages_ ..... [[31mERROR[0m in 0.02s]
[2025-10-14T06:13:48.640+0000] {subprocess.py:93} INFO - [0m06:13:48  23 of 31 ERROR not_null_fct_events_user_key .................................... [[31mERROR[0m in 0.03s]
[2025-10-14T06:13:48.644+0000] {subprocess.py:93} INFO - [0m06:13:48  25 of 31 ERROR relationships_fct_events_user_key__user_key__ref_dim_users_ ..... [[31mERROR[0m in 0.03s]
[2025-10-14T06:13:48.647+0000] {subprocess.py:93} INFO - [0m06:13:48  26 of 31 ERROR timestamp_not_future ............................................ [[31mERROR[0m in 0.02s]
[2025-10-14T06:13:48.647+0000] {subprocess.py:93} INFO - [0m06:13:48  27 of 31 START test unique_dim_pages_page_key .................................. [RUN]
[2025-10-14T06:13:48.649+0000] {subprocess.py:93} INFO - [0m06:13:48  28 of 31 START test unique_dim_pages_page_url .................................. [RUN]
[2025-10-14T06:13:48.650+0000] {subprocess.py:93} INFO - [0m06:13:48  29 of 31 START test unique_dim_users_user_id ................................... [RUN]
[2025-10-14T06:13:48.651+0000] {subprocess.py:93} INFO - [0m06:13:48  30 of 31 START test unique_dim_users_user_key .................................. [RUN]
[2025-10-14T06:13:48.672+0000] {subprocess.py:93} INFO - [0m06:13:48  28 of 31 PASS unique_dim_pages_page_url ........................................ [[32mPASS[0m in 0.02s]
[2025-10-14T06:13:48.674+0000] {subprocess.py:93} INFO - [0m06:13:48  27 of 31 PASS unique_dim_pages_page_key ........................................ [[32mPASS[0m in 0.03s]
[2025-10-14T06:13:48.675+0000] {subprocess.py:93} INFO - [0m06:13:48  29 of 31 PASS unique_dim_users_user_id ......................................... [[32mPASS[0m in 0.02s]
[2025-10-14T06:13:48.676+0000] {subprocess.py:93} INFO - [0m06:13:48  30 of 31 PASS unique_dim_users_user_key ........................................ [[32mPASS[0m in 0.02s]
[2025-10-14T06:13:48.677+0000] {subprocess.py:93} INFO - [0m06:13:48  31 of 31 START test unique_fct_events_event_key ................................ [RUN]
[2025-10-14T06:13:48.690+0000] {subprocess.py:93} INFO - [0m06:13:48  31 of 31 PASS unique_fct_events_event_key ...................................... [[32mPASS[0m in 0.01s]
[2025-10-14T06:13:48.694+0000] {subprocess.py:93} INFO - [0m06:13:48
[2025-10-14T06:13:48.695+0000] {subprocess.py:93} INFO - [0m06:13:48  Finished running 31 data tests in 0 hours 0 minutes and 0.35 seconds (0.35s).
[2025-10-14T06:13:48.726+0000] {subprocess.py:93} INFO - [0m06:13:48
[2025-10-14T06:13:48.727+0000] {subprocess.py:93} INFO - [0m06:13:48  [31mCompleted with 6 errors, 0 partial successes, and 0 warnings:[0m
[2025-10-14T06:13:48.727+0000] {subprocess.py:93} INFO - [0m06:13:48
[2025-10-14T06:13:48.727+0000] {subprocess.py:93} INFO - [0m06:13:48  [31mFailure in test accepted_values_fct_events_event_type__False__page_view__click__scroll__form_submit__button_click (models/marts/core/core.yml)[0m
[2025-10-14T06:13:48.728+0000] {subprocess.py:93} INFO - [0m06:13:48    Database Error in test accepted_values_fct_events_event_type__False__page_view__click__scroll__form_submit__button_click (models/marts/core/core.yml)
[2025-10-14T06:13:48.728+0000] {subprocess.py:93} INFO -   Code: 47.
[2025-10-14T06:13:48.728+0000] {subprocess.py:93} INFO -   DB::Exception: Unknown expression or function identifier `page_view` in scope WITH all_values AS (SELECT event_type AS value_field, count(*) AS n_records FROM analytics.fct_events GROUP BY event_type) SELECT * FROM all_values WHERE value_field NOT IN (page_view, click, scroll, form_submit, button_click). Stack trace:
[2025-10-14T06:13:48.728+0000] {subprocess.py:93} INFO - 
[2025-10-14T06:13:48.728+0000] {subprocess.py:93} INFO -   0. DB::Exception::Exception(DB::Exception::MessageMasked&&, int, bool) @ 0x0000000011000530
[2025-10-14T06:13:48.728+0000] {subprocess.py:93} INFO -   1. DB::Exception::Exception(String&&, int, String, bool) @ 0x000000000b968d98
[2025-10-14T06:13:48.728+0000] {subprocess.py:93} INFO -   2. DB::Exception::Exception(PreformattedMessage&&, int) @ 0x000000000b968868
[2025-10-14T06:13:48.728+0000] {subprocess.py:93} INFO -   3. DB::Exception::Exception<char const*, String&, String, String, String>(int, FormatStringHelperImpl<std::type_identity<char const*>::type, std::type_identity<String&>::type, std::type_identity<String>::type, std::type_identity<String>::type, std::type_identity<String>::type>, char const*&&, String&, String&&, String&&, String&&) @ 0x0000000014a5b1f4
[2025-10-14T06:13:48.729+0000] {subprocess.py:93} INFO -   4. DB::QueryAnalyzer::resolveExpressionNode(std::shared_ptr<DB::IQueryTreeNode>&, DB::IdentifierResolveScope&, bool, bool, bool) @ 0x0000000014a41b34
[2025-10-14T06:13:48.729+0000] {subprocess.py:93} INFO -   5. DB::QueryAnalyzer::resolveExpressionNodeList(std::shared_ptr<DB::IQueryTreeNode>&, DB::IdentifierResolveScope&, bool, bool) @ 0x0000000014a3f65c
[2025-10-14T06:13:48.729+0000] {subprocess.py:93} INFO -   6. DB::QueryAnalyzer::resolveFunction(std::shared_ptr<DB::IQueryTreeNode>&, DB::IdentifierResolveScope&) @ 0x0000000014c667dc
[2025-10-14T06:13:48.729+0000] {subprocess.py:93} INFO -   7. DB::QueryAnalyzer::resolveExpressionNode(std::shared_ptr<DB::IQueryTreeNode>&, DB::IdentifierResolveScope&, bool, bool, bool) @ 0x0000000014a3ffe8
[2025-10-14T06:13:48.729+0000] {subprocess.py:93} INFO -   8. DB::QueryAnalyzer::resolveExpressionNodeList(std::shared_ptr<DB::IQueryTreeNode>&, DB::IdentifierResolveScope&, bool, bool) @ 0x0000000014a3f65c
[2025-10-14T06:13:48.729+0000] {subprocess.py:93} INFO -   9. DB::QueryAnalyzer::resolveFunction(std::shared_ptr<DB::IQueryTreeNode>&, DB::IdentifierResolveScope&) @ 0x0000000014c667dc
[2025-10-14T06:13:48.729+0000] {subprocess.py:93} INFO -   10. DB::QueryAnalyzer::resolveExpressionNode(std::shared_ptr<DB::IQueryTreeNode>&, DB::IdentifierResolveScope&, bool, bool, bool) @ 0x0000000014a3ffe8
[2025-10-14T06:13:48.729+0000] {subprocess.py:93} INFO -   11. DB::QueryAnalyzer::resolveQuery(std::shared_ptr<DB::IQueryTreeNode> const&, DB::IdentifierResolveScope&) @ 0x0000000014a38650
[2025-10-14T06:13:48.729+0000] {subprocess.py:93} INFO -   12. DB::QueryAnalyzer::resolveExpressionNode(std::shared_ptr<DB::IQueryTreeNode>&, DB::IdentifierResolveScope&, bool, bool, bool) @ 0x0000000014a3ff4c
[2025-10-14T06:13:48.729+0000] {subprocess.py:93} INFO -   13. DB::QueryAnalyzer::resolveQueryJoinTreeNode(std::shared_ptr<DB::IQueryTreeNode>&, DB::IdentifierResolveScope&, DB::QueryExpressionsAliasVisitor&) @ 0x0000000014a5cc5c
[2025-10-14T06:13:48.729+0000] {subprocess.py:93} INFO -   14. DB::QueryAnalyzer::resolveQuery(std::shared_ptr<DB::IQueryTreeNode> const&, DB::IdentifierResolveScope&) @ 0x0000000014a38474
[2025-10-14T06:13:48.729+0000] {subprocess.py:93} INFO -   15. DB::QueryAnalyzer::resolve(std::shared_ptr<DB::IQueryTreeNode>&, std::shared_ptr<DB::IQueryTreeNode> const&, std::shared_ptr<DB::Context const>) @ 0x0000000014a36574
[2025-10-14T06:13:48.729+0000] {subprocess.py:93} INFO -   16. DB::QueryAnalysisPass::run(std::shared_ptr<DB::IQueryTreeNode>&, std::shared_ptr<DB::Context const>) @ 0x0000000014a35bb0
[2025-10-14T06:13:48.729+0000] {subprocess.py:93} INFO -   17. DB::QueryTreePassManager::run(std::shared_ptr<DB::IQueryTreeNode>) @ 0x0000000014a79a7c
[2025-10-14T06:13:48.730+0000] {subprocess.py:93} INFO -   18. DB::buildQueryTreeAndRunPasses(std::shared_ptr<DB::IAST> const&, DB::SelectQueryOptions const&, std::shared_ptr<DB::Context const> const&, std::shared_ptr<DB::IStorage> const&) (.llvm.16636960449439460895) @ 0x00000000153c0f84
[2025-10-14T06:13:48.730+0000] {subprocess.py:93} INFO -   19. DB::InterpreterSelectQueryAnalyzer::InterpreterSelectQueryAnalyzer(std::shared_ptr<DB::IAST> const&, std::shared_ptr<DB::Context const> const&, DB::SelectQueryOptions const&, std::vector<String, std::allocator<String>> const&) @ 0x00000000153bf164
[2025-10-14T06:13:48.730+0000] {subprocess.py:93} INFO -   20. std::unique_ptr<DB::IInterpreter, std::default_delete<DB::IInterpreter>> std::__function::__policy_invoker<std::unique_ptr<DB::IInterpreter, std::default_delete<DB::IInterpreter>> (DB::InterpreterFactory::Arguments const&)>::__call_impl[abi:ne190107]<std::__function::__default_alloc_func<DB::registerInterpreterSelectQueryAnalyzer(DB::InterpreterFactory&)::$_0, std::unique_ptr<DB::IInterpreter, std::default_delete<DB::IInterpreter>> (DB::InterpreterFactory::Arguments const&)>>(std::__function::__policy_storage const*, DB::InterpreterFactory::Arguments const&) (.llvm.16636960449439460895) @ 0x00000000153c2424
[2025-10-14T06:13:48.730+0000] {subprocess.py:93} INFO -   21. DB::InterpreterFactory::get(std::shared_ptr<DB::IAST>&, std::shared_ptr<DB::Context>, DB::SelectQueryOptions const&) @ 0x000000001534e9dc
[2025-10-14T06:13:48.730+0000] {subprocess.py:93} INFO -   22. DB::executeQueryImpl(char const*, char const*, std::shared_ptr<DB::Context>, DB::QueryFlags, DB::QueryProcessingStage::Enum, std::unique_ptr<DB::ReadBuffer, std::default_delete<DB::ReadBuffer>>&, std::shared_ptr<DB::IAST>&, std::shared_ptr<DB::ImplicitTransactionControlExecutor>) @ 0x00000000156eca14
[2025-10-14T06:13:48.730+0000] {subprocess.py:93} INFO -   23. DB::executeQuery(String const&, std::shared_ptr<DB::Context>, DB::QueryFlags, DB::QueryProcessingStage::Enum) @ 0x00000000156e83e8
[2025-10-14T06:13:48.730+0000] {subprocess.py:93} INFO -   24. DB::TCPHandler::runImpl() @ 0x0000000016aa2e48
[2025-10-14T06:13:48.730+0000] {subprocess.py:93} INFO -   25. DB::TCPHandler::run() @ 0x0000000016abf468
[2025-10-14T06:13:48.730+0000] {subprocess.py:93} INFO -   26. Poco::Net::TCPServerConnection::start() @ 0x000000001b271198
[2025-10-14T06:13:48.730+0000] {subprocess.py:93} INFO -   27. Poco::Net::TCPServerDispatcher::run() @ 0x000000001b271734
[2025-10-14T06:13:48.730+0000] {subprocess.py:93} INFO -   28. Poco::PooledThread::run() @ 0x000000001b2376dc
[2025-10-14T06:13:48.730+0000] {subprocess.py:93} INFO -   29. Poco::ThreadImpl::runnableEntry(void*) @ 0x000000001b235a50
[2025-10-14T06:13:48.730+0000] {subprocess.py:93} INFO -   30. ? @ 0x0000000000080398
[2025-10-14T06:13:48.730+0000] {subprocess.py:93} INFO -   31. ? @ 0x00000000000e9e9c
[2025-10-14T06:13:48.730+0000] {subprocess.py:93} INFO -   compiled code at target/run/event_gen/models/marts/core/core.yml/accepted_values_fct_events_7e04c52357d215bb7ddbfcda7a08c22a.sql
[2025-10-14T06:13:48.730+0000] {subprocess.py:93} INFO - [0m06:13:48
[2025-10-14T06:13:48.730+0000] {subprocess.py:93} INFO - [0m06:13:48    compiled code at target/compiled/event_gen/models/marts/core/core.yml/accepted_values_fct_events_7e04c52357d215bb7ddbfcda7a08c22a.sql
[2025-10-14T06:13:48.730+0000] {subprocess.py:93} INFO - [0m06:13:48
[2025-10-14T06:13:48.731+0000] {subprocess.py:93} INFO - [0m06:13:48  [31mFailure in test not_null_fct_events_page_key (models/marts/core/core.yml)[0m
[2025-10-14T06:13:48.731+0000] {subprocess.py:93} INFO - [0m06:13:48    Database Error in test not_null_fct_events_page_key (models/marts/core/core.yml)
[2025-10-14T06:13:48.731+0000] {subprocess.py:93} INFO -   Code: 47.
[2025-10-14T06:13:48.731+0000] {subprocess.py:93} INFO -   DB::Exception: Unknown expression identifier `page_key` in scope SELECT page_key FROM analytics.fct_events WHERE page_key IS NULL. Maybe you meant: ['page_url']. Stack trace:
[2025-10-14T06:13:48.731+0000] {subprocess.py:93} INFO - 
[2025-10-14T06:13:48.731+0000] {subprocess.py:93} INFO -   0. DB::Exception::Exception(DB::Exception::MessageMasked&&, int, bool) @ 0x0000000011000530
[2025-10-14T06:13:48.731+0000] {subprocess.py:93} INFO -   1. DB::Exception::Exception(String&&, int, String, bool) @ 0x000000000b968d98
[2025-10-14T06:13:48.731+0000] {subprocess.py:93} INFO -   2. DB::Exception::Exception(PreformattedMessage&&, int) @ 0x000000000b968868
[2025-10-14T06:13:48.731+0000] {subprocess.py:93} INFO -   3. DB::Exception::Exception<char const*, String&, String, String, String>(int, FormatStringHelperImpl<std::type_identity<char const*>::type, std::type_identity<String&>::type, std::type_identity<String>::type, std::type_identity<String>::type, std::type_identity<String>::type>, char const*&&, String&, String&&, String&&, String&&) @ 0x0000000014a5b1f4
[2025-10-14T06:13:48.731+0000] {subprocess.py:93} INFO -   4. DB::QueryAnalyzer::resolveExpressionNode(std::shared_ptr<DB::IQueryTreeNode>&, DB::IdentifierResolveScope&, bool, bool, bool) @ 0x0000000014a41b34
[2025-10-14T06:13:48.731+0000] {subprocess.py:93} INFO -   5. DB::QueryAnalyzer::resolveExpressionNodeList(std::shared_ptr<DB::IQueryTreeNode>&, DB::IdentifierResolveScope&, bool, bool) @ 0x0000000014a3f65c
[2025-10-14T06:13:48.731+0000] {subprocess.py:93} INFO -   6. DB::QueryAnalyzer::resolveProjectionExpressionNodeList(std::shared_ptr<DB::IQueryTreeNode>&, DB::IdentifierResolveScope&) @ 0x0000000014a5be84
[2025-10-14T06:13:48.732+0000] {subprocess.py:93} INFO -   7. DB::QueryAnalyzer::resolveQuery(std::shared_ptr<DB::IQueryTreeNode> const&, DB::IdentifierResolveScope&) @ 0x0000000014a384a8
[2025-10-14T06:13:48.732+0000] {subprocess.py:93} INFO -   8. DB::QueryAnalyzer::resolveExpressionNode(std::shared_ptr<DB::IQueryTreeNode>&, DB::IdentifierResolveScope&, bool, bool, bool) @ 0x0000000014a3ff4c
[2025-10-14T06:13:48.732+0000] {subprocess.py:93} INFO -   9. DB::QueryAnalyzer::resolveQueryJoinTreeNode(std::shared_ptr<DB::IQueryTreeNode>&, DB::IdentifierResolveScope&, DB::QueryExpressionsAliasVisitor&) @ 0x0000000014a5cc5c
[2025-10-14T06:13:48.732+0000] {subprocess.py:93} INFO -   10. DB::QueryAnalyzer::resolveQuery(std::shared_ptr<DB::IQueryTreeNode> const&, DB::IdentifierResolveScope&) @ 0x0000000014a38474
[2025-10-14T06:13:48.732+0000] {subprocess.py:93} INFO -   11. DB::QueryAnalyzer::resolve(std::shared_ptr<DB::IQueryTreeNode>&, std::shared_ptr<DB::IQueryTreeNode> const&, std::shared_ptr<DB::Context const>) @ 0x0000000014a36574
[2025-10-14T06:13:48.732+0000] {subprocess.py:93} INFO -   12. DB::QueryAnalysisPass::run(std::shared_ptr<DB::IQueryTreeNode>&, std::shared_ptr<DB::Context const>) @ 0x0000000014a35bb0
[2025-10-14T06:13:48.732+0000] {subprocess.py:93} INFO -   13. DB::QueryTreePassManager::run(std::shared_ptr<DB::IQueryTreeNode>) @ 0x0000000014a79a7c
[2025-10-14T06:13:48.732+0000] {subprocess.py:93} INFO -   14. DB::buildQueryTreeAndRunPasses(std::shared_ptr<DB::IAST> const&, DB::SelectQueryOptions const&, std::shared_ptr<DB::Context const> const&, std::shared_ptr<DB::IStorage> const&) (.llvm.16636960449439460895) @ 0x00000000153c0f84
[2025-10-14T06:13:48.732+0000] {subprocess.py:93} INFO -   15. DB::InterpreterSelectQueryAnalyzer::InterpreterSelectQueryAnalyzer(std::shared_ptr<DB::IAST> const&, std::shared_ptr<DB::Context const> const&, DB::SelectQueryOptions const&, std::vector<String, std::allocator<String>> const&) @ 0x00000000153bf164
[2025-10-14T06:13:48.732+0000] {subprocess.py:93} INFO -   16. std::unique_ptr<DB::IInterpreter, std::default_delete<DB::IInterpreter>> std::__function::__policy_invoker<std::unique_ptr<DB::IInterpreter, std::default_delete<DB::IInterpreter>> (DB::InterpreterFactory::Arguments const&)>::__call_impl[abi:ne190107]<std::__function::__default_alloc_func<DB::registerInterpreterSelectQueryAnalyzer(DB::InterpreterFactory&)::$_0, std::unique_ptr<DB::IInterpreter, std::default_delete<DB::IInterpreter>> (DB::InterpreterFactory::Arguments const&)>>(std::__function::__policy_storage const*, DB::InterpreterFactory::Arguments const&) (.llvm.16636960449439460895) @ 0x00000000153c2424
[2025-10-14T06:13:48.732+0000] {subprocess.py:93} INFO -   17. DB::InterpreterFactory::get(std::shared_ptr<DB::IAST>&, std::shared_ptr<DB::Context>, DB::SelectQueryOptions const&) @ 0x000000001534e9dc
[2025-10-14T06:13:48.732+0000] {subprocess.py:93} INFO -   18. DB::executeQueryImpl(char const*, char const*, std::shared_ptr<DB::Context>, DB::QueryFlags, DB::QueryProcessingStage::Enum, std::unique_ptr<DB::ReadBuffer, std::default_delete<DB::ReadBuffer>>&, std::shared_ptr<DB::IAST>&, std::shared_ptr<DB::ImplicitTransactionControlExecutor>) @ 0x00000000156eca14
[2025-10-14T06:13:48.733+0000] {subprocess.py:93} INFO -   19. DB::executeQuery(String const&, std::shared_ptr<DB::Context>, DB::QueryFlags, DB::QueryProcessingStage::Enum) @ 0x00000000156e83e8
[2025-10-14T06:13:48.733+0000] {subprocess.py:93} INFO -   20. DB::TCPHandler::runImpl() @ 0x0000000016aa2e48
[2025-10-14T06:13:48.733+0000] {subprocess.py:93} INFO -   21. DB::TCPHandler::run() @ 0x0000000016abf468
[2025-10-14T06:13:48.733+0000] {subprocess.py:93} INFO -   22. Poco::Net::TCPServerConnection::start() @ 0x000000001b271198
[2025-10-14T06:13:48.733+0000] {subprocess.py:93} INFO -   23. Poco::Net::TCPServerDispatcher::run() @ 0x000000001b271734
[2025-10-14T06:13:48.733+0000] {subprocess.py:93} INFO -   24. Poco::PooledThread::run() @ 0x000000001b2376dc
[2025-10-14T06:13:48.733+0000] {subprocess.py:93} INFO -   25. Poco::ThreadImpl::runnableEntry(void*) @ 0x000000001b235a50
[2025-10-14T06:13:48.733+0000] {subprocess.py:93} INFO -   26. ? @ 0x0000000000080398
[2025-10-14T06:13:48.733+0000] {subprocess.py:93} INFO -   27. ? @ 0x00000000000e9e9c
[2025-10-14T06:13:48.733+0000] {subprocess.py:93} INFO -   compiled code at target/run/event_gen/models/marts/core/core.yml/not_null_fct_events_page_key.sql
[2025-10-14T06:13:48.733+0000] {subprocess.py:93} INFO - [0m06:13:48
[2025-10-14T06:13:48.733+0000] {subprocess.py:93} INFO - [0m06:13:48    compiled code at target/compiled/event_gen/models/marts/core/core.yml/not_null_fct_events_page_key.sql
[2025-10-14T06:13:48.733+0000] {subprocess.py:93} INFO - [0m06:13:48
[2025-10-14T06:13:48.733+0000] {subprocess.py:93} INFO - [0m06:13:48  [31mFailure in test relationships_fct_events_page_key__page_key__ref_dim_pages_ (models/marts/core/core.yml)[0m
[2025-10-14T06:13:48.733+0000] {subprocess.py:93} INFO - [0m06:13:48    Database Error in test relationships_fct_events_page_key__page_key__ref_dim_pages_ (models/marts/core/core.yml)
[2025-10-14T06:13:48.733+0000] {subprocess.py:93} INFO -   Code: 47.
[2025-10-14T06:13:48.734+0000] {subprocess.py:93} INFO -   DB::Exception: Unknown expression identifier `page_key` in scope  child. Maybe you meant: ['page_url']. Stack trace:
[2025-10-14T06:13:48.734+0000] {subprocess.py:93} INFO - 
[2025-10-14T06:13:48.734+0000] {subprocess.py:93} INFO -   0. DB::Exception::Exception(DB::Exception::MessageMasked&&, int, bool) @ 0x0000000011000530
[2025-10-14T06:13:48.734+0000] {subprocess.py:93} INFO -   1. DB::Exception::Exception(String&&, int, String, bool) @ 0x000000000b968d98
[2025-10-14T06:13:48.734+0000] {subprocess.py:93} INFO -   2. DB::Exception::Exception(PreformattedMessage&&, int) @ 0x000000000b968868
[2025-10-14T06:13:48.734+0000] {subprocess.py:93} INFO -   3. DB::Exception::Exception<char const*, String&, String, String, String>(int, FormatStringHelperImpl<std::type_identity<char const*>::type, std::type_identity<String&>::type, std::type_identity<String>::type, std::type_identity<String>::type, std::type_identity<String>::type>, char const*&&, String&, String&&, String&&, String&&) @ 0x0000000014a5b1f4
[2025-10-14T06:13:48.734+0000] {subprocess.py:93} INFO -   4. DB::QueryAnalyzer::resolveExpressionNode(std::shared_ptr<DB::IQueryTreeNode>&, DB::IdentifierResolveScope&, bool, bool, bool) @ 0x0000000014a41b34
[2025-10-14T06:13:48.734+0000] {subprocess.py:93} INFO -   5. DB::QueryAnalyzer::resolveExpressionNodeList(std::shared_ptr<DB::IQueryTreeNode>&, DB::IdentifierResolveScope&, bool, bool) @ 0x0000000014a3f65c
[2025-10-14T06:13:48.734+0000] {subprocess.py:93} INFO -   6. DB::QueryAnalyzer::resolveProjectionExpressionNodeList(std::shared_ptr<DB::IQueryTreeNode>&, DB::IdentifierResolveScope&) @ 0x0000000014a5be84
[2025-10-14T06:13:48.734+0000] {subprocess.py:93} INFO -   7. DB::QueryAnalyzer::resolveQuery(std::shared_ptr<DB::IQueryTreeNode> const&, DB::IdentifierResolveScope&) @ 0x0000000014a384a8
[2025-10-14T06:13:48.734+0000] {subprocess.py:93} INFO -   8. DB::QueryAnalyzer::resolveExpressionNode(std::shared_ptr<DB::IQueryTreeNode>&, DB::IdentifierResolveScope&, bool, bool, bool) @ 0x0000000014a3ff4c
[2025-10-14T06:13:48.734+0000] {subprocess.py:93} INFO -   9. DB::QueryAnalyzer::resolveQueryJoinTreeNode(std::shared_ptr<DB::IQueryTreeNode>&, DB::IdentifierResolveScope&, DB::QueryExpressionsAliasVisitor&) @ 0x0000000014a5cc5c
[2025-10-14T06:13:48.734+0000] {subprocess.py:93} INFO -   10. DB::QueryAnalyzer::resolveJoin(std::shared_ptr<DB::IQueryTreeNode>&, DB::IdentifierResolveScope&, DB::QueryExpressionsAliasVisitor&) @ 0x0000000014a5e054
[2025-10-14T06:13:48.734+0000] {subprocess.py:93} INFO -   11. DB::QueryAnalyzer::resolveQueryJoinTreeNode(std::shared_ptr<DB::IQueryTreeNode>&, DB::IdentifierResolveScope&, DB::QueryExpressionsAliasVisitor&) @ 0x0000000014a5c974
[2025-10-14T06:13:48.734+0000] {subprocess.py:93} INFO -   12. DB::QueryAnalyzer::resolveQuery(std::shared_ptr<DB::IQueryTreeNode> const&, DB::IdentifierResolveScope&) @ 0x0000000014a38474
[2025-10-14T06:13:48.734+0000] {subprocess.py:93} INFO -   13. DB::QueryAnalyzer::resolveExpressionNode(std::shared_ptr<DB::IQueryTreeNode>&, DB::IdentifierResolveScope&, bool, bool, bool) @ 0x0000000014a3ff4c
[2025-10-14T06:13:48.734+0000] {subprocess.py:93} INFO -   14. DB::QueryAnalyzer::resolveQueryJoinTreeNode(std::shared_ptr<DB::IQueryTreeNode>&, DB::IdentifierResolveScope&, DB::QueryExpressionsAliasVisitor&) @ 0x0000000014a5cc5c
[2025-10-14T06:13:48.734+0000] {subprocess.py:93} INFO -   15. DB::QueryAnalyzer::resolveQuery(std::shared_ptr<DB::IQueryTreeNode> const&, DB::IdentifierResolveScope&) @ 0x0000000014a38474
[2025-10-14T06:13:48.734+0000] {subprocess.py:93} INFO -   16. DB::QueryAnalyzer::resolve(std::shared_ptr<DB::IQueryTreeNode>&, std::shared_ptr<DB::IQueryTreeNode> const&, std::shared_ptr<DB::Context const>) @ 0x0000000014a36574
[2025-10-14T06:13:48.735+0000] {subprocess.py:93} INFO -   17. DB::QueryAnalysisPass::run(std::shared_ptr<DB::IQueryTreeNode>&, std::shared_ptr<DB::Context const>) @ 0x0000000014a35bb0
[2025-10-14T06:13:48.735+0000] {subprocess.py:93} INFO -   18. DB::QueryTreePassManager::run(std::shared_ptr<DB::IQueryTreeNode>) @ 0x0000000014a79a7c
[2025-10-14T06:13:48.735+0000] {subprocess.py:93} INFO -   19. DB::buildQueryTreeAndRunPasses(std::shared_ptr<DB::IAST> const&, DB::SelectQueryOptions const&, std::shared_ptr<DB::Context const> const&, std::shared_ptr<DB::IStorage> const&) (.llvm.16636960449439460895) @ 0x00000000153c0f84
[2025-10-14T06:13:48.735+0000] {subprocess.py:93} INFO -   20. DB::InterpreterSelectQueryAnalyzer::InterpreterSelectQueryAnalyzer(std::shared_ptr<DB::IAST> const&, std::shared_ptr<DB::Context const> const&, DB::SelectQueryOptions const&, std::vector<String, std::allocator<String>> const&) @ 0x00000000153bf164
[2025-10-14T06:13:48.735+0000] {subprocess.py:93} INFO -   21. std::unique_ptr<DB::IInterpreter, std::default_delete<DB::IInterpreter>> std::__function::__policy_invoker<std::unique_ptr<DB::IInterpreter, std::default_delete<DB::IInterpreter>> (DB::InterpreterFactory::Arguments const&)>::__call_impl[abi:ne190107]<std::__function::__default_alloc_func<DB::registerInterpreterSelectQueryAnalyzer(DB::InterpreterFactory&)::$_0, std::unique_ptr<DB::IInterpreter, std::default_delete<DB::IInterpreter>> (DB::InterpreterFactory::Arguments const&)>>(std::__function::__policy_storage const*, DB::InterpreterFactory::Arguments const&) (.llvm.16636960449439460895) @ 0x00000000153c2424
[2025-10-14T06:13:48.735+0000] {subprocess.py:93} INFO -   22. DB::InterpreterFactory::get(std::shared_ptr<DB::IAST>&, std::shared_ptr<DB::Context>, DB::SelectQueryOptions const&) @ 0x000000001534e9dc
[2025-10-14T06:13:48.735+0000] {subprocess.py:93} INFO -   23. DB::executeQueryImpl(char const*, char const*, std::shared_ptr<DB::Context>, DB::QueryFlags, DB::QueryProcessingStage::Enum, std::unique_ptr<DB::ReadBuffer, std::default_delete<DB::ReadBuffer>>&, std::shared_ptr<DB::IAST>&, std::shared_ptr<DB::ImplicitTransactionControlExecutor>) @ 0x00000000156eca14
[2025-10-14T06:13:48.735+0000] {subprocess.py:93} INFO -   24. DB::executeQuery(String const&, std::shared_ptr<DB::Context>, DB::QueryFlags, DB::QueryProcessingStage::Enum) @ 0x00000000156e83e8
[2025-10-14T06:13:48.735+0000] {subprocess.py:93} INFO -   25. DB::TCPHandler::runImpl() @ 0x0000000016aa2e48
[2025-10-14T06:13:48.735+0000] {subprocess.py:93} INFO -   26. DB::TCPHandler::run() @ 0x0000000016abf468
[2025-10-14T06:13:48.735+0000] {subprocess.py:93} INFO -   27. Poco::Net::TCPServerConnection::start() @ 0x000000001b271198
[2025-10-14T06:13:48.735+0000] {subprocess.py:93} INFO -   28. Poco::Net::TCPServerDispatcher::run() @ 0x000000001b271734
[2025-10-14T06:13:48.736+0000] {subprocess.py:93} INFO -   29. Poco::PooledThread::run() @ 0x000000001b2376dc
[2025-10-14T06:13:48.736+0000] {subprocess.py:93} INFO -   30. Poco::ThreadImpl::runnableEntry(void*) @ 0x000000001b235a50
[2025-10-14T06:13:48.736+0000] {subprocess.py:93} INFO -   31. ? @ 0x0000000000080398
[2025-10-14T06:13:48.736+0000] {subprocess.py:93} INFO -   compiled code at target/run/event_gen/models/marts/core/core.yml/relationships_fct_events_page_key__page_key__ref_dim_pages_.sql
[2025-10-14T06:13:48.736+0000] {subprocess.py:93} INFO - [0m06:13:48
[2025-10-14T06:13:48.736+0000] {subprocess.py:93} INFO - [0m06:13:48    compiled code at target/compiled/event_gen/models/marts/core/core.yml/relationships_fct_events_page_key__page_key__ref_dim_pages_.sql
[2025-10-14T06:13:48.736+0000] {subprocess.py:93} INFO - [0m06:13:48
[2025-10-14T06:13:48.737+0000] {subprocess.py:93} INFO - [0m06:13:48  [31mFailure in test not_null_fct_events_user_key (models/marts/core/core.yml)[0m
[2025-10-14T06:13:48.737+0000] {subprocess.py:93} INFO - [0m06:13:48    Database Error in test not_null_fct_events_user_key (models/marts/core/core.yml)
[2025-10-14T06:13:48.737+0000] {subprocess.py:93} INFO -   Code: 47.
[2025-10-14T06:13:48.737+0000] {subprocess.py:93} INFO -   DB::Exception: Unknown expression identifier `user_key` in scope SELECT user_key FROM analytics.fct_events WHERE user_key IS NULL. Maybe you meant: ['user_id']. Stack trace:
[2025-10-14T06:13:48.737+0000] {subprocess.py:93} INFO - 
[2025-10-14T06:13:48.737+0000] {subprocess.py:93} INFO -   0. DB::Exception::Exception(DB::Exception::MessageMasked&&, int, bool) @ 0x0000000011000530
[2025-10-14T06:13:48.737+0000] {subprocess.py:93} INFO -   1. DB::Exception::Exception(String&&, int, String, bool) @ 0x000000000b968d98
[2025-10-14T06:13:48.738+0000] {subprocess.py:93} INFO -   2. DB::Exception::Exception(PreformattedMessage&&, int) @ 0x000000000b968868
[2025-10-14T06:13:48.738+0000] {subprocess.py:93} INFO -   3. DB::Exception::Exception<char const*, String&, String, String, String>(int, FormatStringHelperImpl<std::type_identity<char const*>::type, std::type_identity<String&>::type, std::type_identity<String>::type, std::type_identity<String>::type, std::type_identity<String>::type>, char const*&&, String&, String&&, String&&, String&&) @ 0x0000000014a5b1f4
[2025-10-14T06:13:48.738+0000] {subprocess.py:93} INFO -   4. DB::QueryAnalyzer::resolveExpressionNode(std::shared_ptr<DB::IQueryTreeNode>&, DB::IdentifierResolveScope&, bool, bool, bool) @ 0x0000000014a41b34
[2025-10-14T06:13:48.738+0000] {subprocess.py:93} INFO -   5. DB::QueryAnalyzer::resolveExpressionNodeList(std::shared_ptr<DB::IQueryTreeNode>&, DB::IdentifierResolveScope&, bool, bool) @ 0x0000000014a3f65c
[2025-10-14T06:13:48.738+0000] {subprocess.py:93} INFO -   6. DB::QueryAnalyzer::resolveProjectionExpressionNodeList(std::shared_ptr<DB::IQueryTreeNode>&, DB::IdentifierResolveScope&) @ 0x0000000014a5be84
[2025-10-14T06:13:48.738+0000] {subprocess.py:93} INFO -   7. DB::QueryAnalyzer::resolveQuery(std::shared_ptr<DB::IQueryTreeNode> const&, DB::IdentifierResolveScope&) @ 0x0000000014a384a8
[2025-10-14T06:13:48.738+0000] {subprocess.py:93} INFO -   8. DB::QueryAnalyzer::resolveExpressionNode(std::shared_ptr<DB::IQueryTreeNode>&, DB::IdentifierResolveScope&, bool, bool, bool) @ 0x0000000014a3ff4c
[2025-10-14T06:13:48.738+0000] {subprocess.py:93} INFO -   9. DB::QueryAnalyzer::resolveQueryJoinTreeNode(std::shared_ptr<DB::IQueryTreeNode>&, DB::IdentifierResolveScope&, DB::QueryExpressionsAliasVisitor&) @ 0x0000000014a5cc5c
[2025-10-14T06:13:48.738+0000] {subprocess.py:93} INFO -   10. DB::QueryAnalyzer::resolveQuery(std::shared_ptr<DB::IQueryTreeNode> const&, DB::IdentifierResolveScope&) @ 0x0000000014a38474
[2025-10-14T06:13:48.738+0000] {subprocess.py:93} INFO -   11. DB::QueryAnalyzer::resolve(std::shared_ptr<DB::IQueryTreeNode>&, std::shared_ptr<DB::IQueryTreeNode> const&, std::shared_ptr<DB::Context const>) @ 0x0000000014a36574
[2025-10-14T06:13:48.738+0000] {subprocess.py:93} INFO -   12. DB::QueryAnalysisPass::run(std::shared_ptr<DB::IQueryTreeNode>&, std::shared_ptr<DB::Context const>) @ 0x0000000014a35bb0
[2025-10-14T06:13:48.739+0000] {subprocess.py:93} INFO -   13. DB::QueryTreePassManager::run(std::shared_ptr<DB::IQueryTreeNode>) @ 0x0000000014a79a7c
[2025-10-14T06:13:48.739+0000] {subprocess.py:93} INFO -   14. DB::buildQueryTreeAndRunPasses(std::shared_ptr<DB::IAST> const&, DB::SelectQueryOptions const&, std::shared_ptr<DB::Context const> const&, std::shared_ptr<DB::IStorage> const&) (.llvm.16636960449439460895) @ 0x00000000153c0f84
[2025-10-14T06:13:48.739+0000] {subprocess.py:93} INFO -   15. DB::InterpreterSelectQueryAnalyzer::InterpreterSelectQueryAnalyzer(std::shared_ptr<DB::IAST> const&, std::shared_ptr<DB::Context const> const&, DB::SelectQueryOptions const&, std::vector<String, std::allocator<String>> const&) @ 0x00000000153bf164
[2025-10-14T06:13:48.739+0000] {subprocess.py:93} INFO -   16. std::unique_ptr<DB::IInterpreter, std::default_delete<DB::IInterpreter>> std::__function::__policy_invoker<std::unique_ptr<DB::IInterpreter, std::default_delete<DB::IInterpreter>> (DB::InterpreterFactory::Arguments const&)>::__call_impl[abi:ne190107]<std::__function::__default_alloc_func<DB::registerInterpreterSelectQueryAnalyzer(DB::InterpreterFactory&)::$_0, std::unique_ptr<DB::IInterpreter, std::default_delete<DB::IInterpreter>> (DB::InterpreterFactory::Arguments const&)>>(std::__function::__policy_storage const*, DB::InterpreterFactory::Arguments const&) (.llvm.16636960449439460895) @ 0x00000000153c2424
[2025-10-14T06:13:48.739+0000] {subprocess.py:93} INFO -   17. DB::InterpreterFactory::get(std::shared_ptr<DB::IAST>&, std::shared_ptr<DB::Context>, DB::SelectQueryOptions const&) @ 0x000000001534e9dc
[2025-10-14T06:13:48.739+0000] {subprocess.py:93} INFO -   18. DB::executeQueryImpl(char const*, char const*, std::shared_ptr<DB::Context>, DB::QueryFlags, DB::QueryProcessingStage::Enum, std::unique_ptr<DB::ReadBuffer, std::default_delete<DB::ReadBuffer>>&, std::shared_ptr<DB::IAST>&, std::shared_ptr<DB::ImplicitTransactionControlExecutor>) @ 0x00000000156eca14
[2025-10-14T06:13:48.739+0000] {subprocess.py:93} INFO -   19. DB::executeQuery(String const&, std::shared_ptr<DB::Context>, DB::QueryFlags, DB::QueryProcessingStage::Enum) @ 0x00000000156e83e8
[2025-10-14T06:13:48.740+0000] {subprocess.py:93} INFO -   20. DB::TCPHandler::runImpl() @ 0x0000000016aa2e48
[2025-10-14T06:13:48.740+0000] {subprocess.py:93} INFO -   21. DB::TCPHandler::run() @ 0x0000000016abf468
[2025-10-14T06:13:48.740+0000] {subprocess.py:93} INFO -   22. Poco::Net::TCPServerConnection::start() @ 0x000000001b271198
[2025-10-14T06:13:48.740+0000] {subprocess.py:93} INFO -   23. Poco::Net::TCPServerDispatcher::run() @ 0x000000001b271734
[2025-10-14T06:13:48.740+0000] {subprocess.py:93} INFO -   24. Poco::PooledThread::run() @ 0x000000001b2376dc
[2025-10-14T06:13:48.740+0000] {subprocess.py:93} INFO -   25. Poco::ThreadImpl::runnableEntry(void*) @ 0x000000001b235a50
[2025-10-14T06:13:48.740+0000] {subprocess.py:93} INFO -   26. ? @ 0x0000000000080398
[2025-10-14T06:13:48.740+0000] {subprocess.py:93} INFO -   27. ? @ 0x00000000000e9e9c
[2025-10-14T06:13:48.740+0000] {subprocess.py:93} INFO -   compiled code at target/run/event_gen/models/marts/core/core.yml/not_null_fct_events_user_key.sql
[2025-10-14T06:13:48.740+0000] {subprocess.py:93} INFO - [0m06:13:48
[2025-10-14T06:13:48.740+0000] {subprocess.py:93} INFO - [0m06:13:48    compiled code at target/compiled/event_gen/models/marts/core/core.yml/not_null_fct_events_user_key.sql
[2025-10-14T06:13:48.740+0000] {subprocess.py:93} INFO - [0m06:13:48
[2025-10-14T06:13:48.741+0000] {subprocess.py:93} INFO - [0m06:13:48  [31mFailure in test relationships_fct_events_user_key__user_key__ref_dim_users_ (models/marts/core/core.yml)[0m
[2025-10-14T06:13:48.741+0000] {subprocess.py:93} INFO - [0m06:13:48    Database Error in test relationships_fct_events_user_key__user_key__ref_dim_users_ (models/marts/core/core.yml)
[2025-10-14T06:13:48.741+0000] {subprocess.py:93} INFO -   Code: 47.
[2025-10-14T06:13:48.741+0000] {subprocess.py:93} INFO -   DB::Exception: Unknown expression identifier `user_key` in scope  child. Maybe you meant: ['user_id']. Stack trace:
[2025-10-14T06:13:48.741+0000] {subprocess.py:93} INFO - 
[2025-10-14T06:13:48.741+0000] {subprocess.py:93} INFO -   0. DB::Exception::Exception(DB::Exception::MessageMasked&&, int, bool) @ 0x0000000011000530
[2025-10-14T06:13:48.741+0000] {subprocess.py:93} INFO -   1. DB::Exception::Exception(String&&, int, String, bool) @ 0x000000000b968d98
[2025-10-14T06:13:48.741+0000] {subprocess.py:93} INFO -   2. DB::Exception::Exception(PreformattedMessage&&, int) @ 0x000000000b968868
[2025-10-14T06:13:48.741+0000] {subprocess.py:93} INFO -   3. DB::Exception::Exception<char const*, String&, String, String, String>(int, FormatStringHelperImpl<std::type_identity<char const*>::type, std::type_identity<String&>::type, std::type_identity<String>::type, std::type_identity<String>::type, std::type_identity<String>::type>, char const*&&, String&, String&&, String&&, String&&) @ 0x0000000014a5b1f4
[2025-10-14T06:13:48.741+0000] {subprocess.py:93} INFO -   4. DB::QueryAnalyzer::resolveExpressionNode(std::shared_ptr<DB::IQueryTreeNode>&, DB::IdentifierResolveScope&, bool, bool, bool) @ 0x0000000014a41b34
[2025-10-14T06:13:48.741+0000] {subprocess.py:93} INFO -   5. DB::QueryAnalyzer::resolveExpressionNodeList(std::shared_ptr<DB::IQueryTreeNode>&, DB::IdentifierResolveScope&, bool, bool) @ 0x0000000014a3f65c
[2025-10-14T06:13:48.741+0000] {subprocess.py:93} INFO -   6. DB::QueryAnalyzer::resolveProjectionExpressionNodeList(std::shared_ptr<DB::IQueryTreeNode>&, DB::IdentifierResolveScope&) @ 0x0000000014a5be84
[2025-10-14T06:13:48.741+0000] {subprocess.py:93} INFO -   7. DB::QueryAnalyzer::resolveQuery(std::shared_ptr<DB::IQueryTreeNode> const&, DB::IdentifierResolveScope&) @ 0x0000000014a384a8
[2025-10-14T06:13:48.741+0000] {subprocess.py:93} INFO -   8. DB::QueryAnalyzer::resolveExpressionNode(std::shared_ptr<DB::IQueryTreeNode>&, DB::IdentifierResolveScope&, bool, bool, bool) @ 0x0000000014a3ff4c
[2025-10-14T06:13:48.742+0000] {subprocess.py:93} INFO -   9. DB::QueryAnalyzer::resolveQueryJoinTreeNode(std::shared_ptr<DB::IQueryTreeNode>&, DB::IdentifierResolveScope&, DB::QueryExpressionsAliasVisitor&) @ 0x0000000014a5cc5c
[2025-10-14T06:13:48.742+0000] {subprocess.py:93} INFO -   10. DB::QueryAnalyzer::resolveJoin(std::shared_ptr<DB::IQueryTreeNode>&, DB::IdentifierResolveScope&, DB::QueryExpressionsAliasVisitor&) @ 0x0000000014a5e054
[2025-10-14T06:13:48.742+0000] {subprocess.py:93} INFO -   11. DB::QueryAnalyzer::resolveQueryJoinTreeNode(std::shared_ptr<DB::IQueryTreeNode>&, DB::IdentifierResolveScope&, DB::QueryExpressionsAliasVisitor&) @ 0x0000000014a5c974
[2025-10-14T06:13:48.742+0000] {subprocess.py:93} INFO -   12. DB::QueryAnalyzer::resolveQuery(std::shared_ptr<DB::IQueryTreeNode> const&, DB::IdentifierResolveScope&) @ 0x0000000014a38474
[2025-10-14T06:13:48.742+0000] {subprocess.py:93} INFO -   13. DB::QueryAnalyzer::resolveExpressionNode(std::shared_ptr<DB::IQueryTreeNode>&, DB::IdentifierResolveScope&, bool, bool, bool) @ 0x0000000014a3ff4c
[2025-10-14T06:13:48.742+0000] {subprocess.py:93} INFO -   14. DB::QueryAnalyzer::resolveQueryJoinTreeNode(std::shared_ptr<DB::IQueryTreeNode>&, DB::IdentifierResolveScope&, DB::QueryExpressionsAliasVisitor&) @ 0x0000000014a5cc5c
[2025-10-14T06:13:48.742+0000] {subprocess.py:93} INFO -   15. DB::QueryAnalyzer::resolveQuery(std::shared_ptr<DB::IQueryTreeNode> const&, DB::IdentifierResolveScope&) @ 0x0000000014a38474
[2025-10-14T06:13:48.742+0000] {subprocess.py:93} INFO -   16. DB::QueryAnalyzer::resolve(std::shared_ptr<DB::IQueryTreeNode>&, std::shared_ptr<DB::IQueryTreeNode> const&, std::shared_ptr<DB::Context const>) @ 0x0000000014a36574
[2025-10-14T06:13:48.742+0000] {subprocess.py:93} INFO -   17. DB::QueryAnalysisPass::run(std::shared_ptr<DB::IQueryTreeNode>&, std::shared_ptr<DB::Context const>) @ 0x0000000014a35bb0
[2025-10-14T06:13:48.742+0000] {subprocess.py:93} INFO -   18. DB::QueryTreePassManager::run(std::shared_ptr<DB::IQueryTreeNode>) @ 0x0000000014a79a7c
[2025-10-14T06:13:48.742+0000] {subprocess.py:93} INFO -   19. DB::buildQueryTreeAndRunPasses(std::shared_ptr<DB::IAST> const&, DB::SelectQueryOptions const&, std::shared_ptr<DB::Context const> const&, std::shared_ptr<DB::IStorage> const&) (.llvm.16636960449439460895) @ 0x00000000153c0f84
[2025-10-14T06:13:48.742+0000] {subprocess.py:93} INFO -   20. DB::InterpreterSelectQueryAnalyzer::InterpreterSelectQueryAnalyzer(std::shared_ptr<DB::IAST> const&, std::shared_ptr<DB::Context const> const&, DB::SelectQueryOptions const&, std::vector<String, std::allocator<String>> const&) @ 0x00000000153bf164
[2025-10-14T06:13:48.742+0000] {subprocess.py:93} INFO -   21. std::unique_ptr<DB::IInterpreter, std::default_delete<DB::IInterpreter>> std::__function::__policy_invoker<std::unique_ptr<DB::IInterpreter, std::default_delete<DB::IInterpreter>> (DB::InterpreterFactory::Arguments const&)>::__call_impl[abi:ne190107]<std::__function::__default_alloc_func<DB::registerInterpreterSelectQueryAnalyzer(DB::InterpreterFactory&)::$_0, std::unique_ptr<DB::IInterpreter, std::default_delete<DB::IInterpreter>> (DB::InterpreterFactory::Arguments const&)>>(std::__function::__policy_storage const*, DB::InterpreterFactory::Arguments const&) (.llvm.16636960449439460895) @ 0x00000000153c2424
[2025-10-14T06:13:48.742+0000] {subprocess.py:93} INFO -   22. DB::InterpreterFactory::get(std::shared_ptr<DB::IAST>&, std::shared_ptr<DB::Context>, DB::SelectQueryOptions const&) @ 0x000000001534e9dc
[2025-10-14T06:13:48.743+0000] {subprocess.py:93} INFO -   23. DB::executeQueryImpl(char const*, char const*, std::shared_ptr<DB::Context>, DB::QueryFlags, DB::QueryProcessingStage::Enum, std::unique_ptr<DB::ReadBuffer, std::default_delete<DB::ReadBuffer>>&, std::shared_ptr<DB::IAST>&, std::shared_ptr<DB::ImplicitTransactionControlExecutor>) @ 0x00000000156eca14
[2025-10-14T06:13:48.743+0000] {subprocess.py:93} INFO -   24. DB::executeQuery(String const&, std::shared_ptr<DB::Context>, DB::QueryFlags, DB::QueryProcessingStage::Enum) @ 0x00000000156e83e8
[2025-10-14T06:13:48.743+0000] {subprocess.py:93} INFO -   25. DB::TCPHandler::runImpl() @ 0x0000000016aa2e48
[2025-10-14T06:13:48.743+0000] {subprocess.py:93} INFO -   26. DB::TCPHandler::run() @ 0x0000000016abf468
[2025-10-14T06:13:48.743+0000] {subprocess.py:93} INFO -   27. Poco::Net::TCPServerConnection::start() @ 0x000000001b271198
[2025-10-14T06:13:48.743+0000] {subprocess.py:93} INFO -   28. Poco::Net::TCPServerDispatcher::run() @ 0x000000001b271734
[2025-10-14T06:13:48.743+0000] {subprocess.py:93} INFO -   29. Poco::PooledThread::run() @ 0x000000001b2376dc
[2025-10-14T06:13:48.743+0000] {subprocess.py:93} INFO -   30. Poco::ThreadImpl::runnableEntry(void*) @ 0x000000001b235a50
[2025-10-14T06:13:48.743+0000] {subprocess.py:93} INFO -   31. ? @ 0x0000000000080398
[2025-10-14T06:13:48.743+0000] {subprocess.py:93} INFO -   compiled code at target/run/event_gen/models/marts/core/core.yml/relationships_fct_events_user_key__user_key__ref_dim_users_.sql
[2025-10-14T06:13:48.743+0000] {subprocess.py:93} INFO - [0m06:13:48
[2025-10-14T06:13:48.743+0000] {subprocess.py:93} INFO - [0m06:13:48    compiled code at target/compiled/event_gen/models/marts/core/core.yml/relationships_fct_events_user_key__user_key__ref_dim_users_.sql
[2025-10-14T06:13:48.743+0000] {subprocess.py:93} INFO - [0m06:13:48
[2025-10-14T06:13:48.743+0000] {subprocess.py:93} INFO - [0m06:13:48  [31mFailure in test timestamp_not_future (tests/timestamp_not_future.sql)[0m
[2025-10-14T06:13:48.743+0000] {subprocess.py:93} INFO - [0m06:13:48    Database Error in test timestamp_not_future (tests/timestamp_not_future.sql)
[2025-10-14T06:13:48.744+0000] {subprocess.py:93} INFO -   Code: 47.
[2025-10-14T06:13:48.744+0000] {subprocess.py:93} INFO -   DB::Exception: Unknown expression identifier `event_id` in scope SELECT event_id, event_timestamp, current_timestamp() AS current_time FROM analytics.fct_events WHERE event_timestamp > current_timestamp(). Maybe you meant: ['event_key']. Stack trace:
[2025-10-14T06:13:48.744+0000] {subprocess.py:93} INFO - 
[2025-10-14T06:13:48.744+0000] {subprocess.py:93} INFO -   0. DB::Exception::Exception(DB::Exception::MessageMasked&&, int, bool) @ 0x0000000011000530
[2025-10-14T06:13:48.744+0000] {subprocess.py:93} INFO -   1. DB::Exception::Exception(String&&, int, String, bool) @ 0x000000000b968d98
[2025-10-14T06:13:48.744+0000] {subprocess.py:93} INFO -   2. DB::Exception::Exception(PreformattedMessage&&, int) @ 0x000000000b968868
[2025-10-14T06:13:48.744+0000] {subprocess.py:93} INFO -   3. DB::Exception::Exception<char const*, String&, String, String, String>(int, FormatStringHelperImpl<std::type_identity<char const*>::type, std::type_identity<String&>::type, std::type_identity<String>::type, std::type_identity<String>::type, std::type_identity<String>::type>, char const*&&, String&, String&&, String&&, String&&) @ 0x0000000014a5b1f4
[2025-10-14T06:13:48.744+0000] {subprocess.py:93} INFO -   4. DB::QueryAnalyzer::resolveExpressionNode(std::shared_ptr<DB::IQueryTreeNode>&, DB::IdentifierResolveScope&, bool, bool, bool) @ 0x0000000014a41b34
[2025-10-14T06:13:48.744+0000] {subprocess.py:93} INFO -   5. DB::QueryAnalyzer::resolveExpressionNodeList(std::shared_ptr<DB::IQueryTreeNode>&, DB::IdentifierResolveScope&, bool, bool) @ 0x0000000014a3f65c
[2025-10-14T06:13:48.744+0000] {subprocess.py:93} INFO -   6. DB::QueryAnalyzer::resolveProjectionExpressionNodeList(std::shared_ptr<DB::IQueryTreeNode>&, DB::IdentifierResolveScope&) @ 0x0000000014a5be84
[2025-10-14T06:13:48.744+0000] {subprocess.py:93} INFO -   7. DB::QueryAnalyzer::resolveQuery(std::shared_ptr<DB::IQueryTreeNode> const&, DB::IdentifierResolveScope&) @ 0x0000000014a384a8
[2025-10-14T06:13:48.744+0000] {subprocess.py:93} INFO -   8. DB::QueryAnalyzer::resolveExpressionNode(std::shared_ptr<DB::IQueryTreeNode>&, DB::IdentifierResolveScope&, bool, bool, bool) @ 0x0000000014a3ff4c
[2025-10-14T06:13:48.744+0000] {subprocess.py:93} INFO -   9. DB::QueryAnalyzer::resolveQueryJoinTreeNode(std::shared_ptr<DB::IQueryTreeNode>&, DB::IdentifierResolveScope&, DB::QueryExpressionsAliasVisitor&) @ 0x0000000014a5cc5c
[2025-10-14T06:13:48.744+0000] {subprocess.py:93} INFO -   10. DB::QueryAnalyzer::resolveQuery(std::shared_ptr<DB::IQueryTreeNode> const&, DB::IdentifierResolveScope&) @ 0x0000000014a38474
[2025-10-14T06:13:48.744+0000] {subprocess.py:93} INFO -   11. DB::QueryAnalyzer::resolve(std::shared_ptr<DB::IQueryTreeNode>&, std::shared_ptr<DB::IQueryTreeNode> const&, std::shared_ptr<DB::Context const>) @ 0x0000000014a36574
[2025-10-14T06:13:48.744+0000] {subprocess.py:93} INFO -   12. DB::QueryAnalysisPass::run(std::shared_ptr<DB::IQueryTreeNode>&, std::shared_ptr<DB::Context const>) @ 0x0000000014a35bb0
[2025-10-14T06:13:48.745+0000] {subprocess.py:93} INFO -   13. DB::QueryTreePassManager::run(std::shared_ptr<DB::IQueryTreeNode>) @ 0x0000000014a79a7c
[2025-10-14T06:13:48.745+0000] {subprocess.py:93} INFO -   14. DB::buildQueryTreeAndRunPasses(std::shared_ptr<DB::IAST> const&, DB::SelectQueryOptions const&, std::shared_ptr<DB::Context const> const&, std::shared_ptr<DB::IStorage> const&) (.llvm.16636960449439460895) @ 0x00000000153c0f84
[2025-10-14T06:13:48.745+0000] {subprocess.py:93} INFO -   15. DB::InterpreterSelectQueryAnalyzer::InterpreterSelectQueryAnalyzer(std::shared_ptr<DB::IAST> const&, std::shared_ptr<DB::Context const> const&, DB::SelectQueryOptions const&, std::vector<String, std::allocator<String>> const&) @ 0x00000000153bf164
[2025-10-14T06:13:48.745+0000] {subprocess.py:93} INFO -   16. std::unique_ptr<DB::IInterpreter, std::default_delete<DB::IInterpreter>> std::__function::__policy_invoker<std::unique_ptr<DB::IInterpreter, std::default_delete<DB::IInterpreter>> (DB::InterpreterFactory::Arguments const&)>::__call_impl[abi:ne190107]<std::__function::__default_alloc_func<DB::registerInterpreterSelectQueryAnalyzer(DB::InterpreterFactory&)::$_0, std::unique_ptr<DB::IInterpreter, std::default_delete<DB::IInterpreter>> (DB::InterpreterFactory::Arguments const&)>>(std::__function::__policy_storage const*, DB::InterpreterFactory::Arguments const&) (.llvm.16636960449439460895) @ 0x00000000153c2424
[2025-10-14T06:13:48.745+0000] {subprocess.py:93} INFO -   17. DB::InterpreterFactory::get(std::shared_ptr<DB::IAST>&, std::shared_ptr<DB::Context>, DB::SelectQueryOptions const&) @ 0x000000001534e9dc
[2025-10-14T06:13:48.745+0000] {subprocess.py:93} INFO -   18. DB::executeQueryImpl(char const*, char const*, std::shared_ptr<DB::Context>, DB::QueryFlags, DB::QueryProcessingStage::Enum, std::unique_ptr<DB::ReadBuffer, std::default_delete<DB::ReadBuffer>>&, std::shared_ptr<DB::IAST>&, std::shared_ptr<DB::ImplicitTransactionControlExecutor>) @ 0x00000000156eca14
[2025-10-14T06:13:48.745+0000] {subprocess.py:93} INFO -   19. DB::executeQuery(String const&, std::shared_ptr<DB::Context>, DB::QueryFlags, DB::QueryProcessingStage::Enum) @ 0x00000000156e83e8
[2025-10-14T06:13:48.745+0000] {subprocess.py:93} INFO -   20. DB::TCPHandler::runImpl() @ 0x0000000016aa2e48
[2025-10-14T06:13:48.745+0000] {subprocess.py:93} INFO -   21. DB::TCPHandler::run() @ 0x0000000016abf468
[2025-10-14T06:13:48.745+0000] {subprocess.py:93} INFO -   22. Poco::Net::TCPServerConnection::start() @ 0x000000001b271198
[2025-10-14T06:13:48.745+0000] {subprocess.py:93} INFO -   23. Poco::Net::TCPServerDispatcher::run() @ 0x000000001b271734
[2025-10-14T06:13:48.745+0000] {subprocess.py:93} INFO -   24. Poco::PooledThread::run() @ 0x000000001b2376dc
[2025-10-14T06:13:48.745+0000] {subprocess.py:93} INFO -   25. Poco::ThreadImpl::runnableEntry(void*) @ 0x000000001b235a50
[2025-10-14T06:13:48.746+0000] {subprocess.py:93} INFO -   26. ? @ 0x0000000000080398
[2025-10-14T06:13:48.746+0000] {subprocess.py:93} INFO -   27. ? @ 0x00000000000e9e9c
[2025-10-14T06:13:48.746+0000] {subprocess.py:93} INFO -   compiled code at target/run/event_gen/tests/timestamp_not_future.sql
[2025-10-14T06:13:48.746+0000] {subprocess.py:93} INFO - [0m06:13:48
[2025-10-14T06:13:48.746+0000] {subprocess.py:93} INFO - [0m06:13:48    compiled code at target/compiled/event_gen/tests/timestamp_not_future.sql
[2025-10-14T06:13:48.746+0000] {subprocess.py:93} INFO - [0m06:13:48
[2025-10-14T06:13:48.746+0000] {subprocess.py:93} INFO - [0m06:13:48  Done. PASS=25 WARN=0 ERROR=6 SKIP=0 NO-OP=0 TOTAL=31
[2025-10-14T06:13:50.055+0000] {subprocess.py:97} INFO - Command exited with return code 1
[2025-10-14T06:13:50.061+0000] {taskinstance.py:2698} ERROR - Task failed with exception
Traceback (most recent call last):
  File "/home/airflow/.local/lib/python3.11/site-packages/airflow/models/taskinstance.py", line 433, in _execute_task
    result = execute_callable(context=context, **execute_callable_kwargs)
             ^^^^^^^^^^^^^^^^^^^^^^^^^^^^^^^^^^^^^^^^^^^^^^^^^^^^^^^^^^^^
  File "/home/airflow/.local/lib/python3.11/site-packages/airflow/operators/bash.py", line 212, in execute
    raise AirflowException(
airflow.exceptions.AirflowException: Bash command failed. The command returned a non-zero exit code 1.
[2025-10-14T06:13:50.064+0000] {taskinstance.py:1138} INFO - Marking task as UP_FOR_RETRY. dag_id=events_analytics_pipeline, task_id=dbt_test, execution_date=20251014T060333, start_date=20251014T061347, end_date=20251014T061350
[2025-10-14T06:13:50.072+0000] {standard_task_runner.py:107} ERROR - Failed to execute job 73 for task dbt_test (Bash command failed. The command returned a non-zero exit code 1.; 644)
[2025-10-14T06:13:50.110+0000] {local_task_job_runner.py:234} INFO - Task exited with return code 1
[2025-10-14T06:13:50.120+0000] {taskinstance.py:3280} INFO - 0 downstream tasks scheduled from follow-on schedule check
